<?xml version="1.0" encoding="UTF-8"?>
<coverage generated="1764863638186" clover="3.2.0">
  <project timestamp="1764863638186" name="All files">
    <metrics statements="475" coveredstatements="231" conditionals="233" coveredconditionals="50" methods="56" coveredmethods="20" elements="764" coveredelements="301" complexity="0" loc="475" ncloc="475" packages="6" files="21" classes="21"/>
    <package name="controllers">
      <metrics statements="247" coveredstatements="75" conditionals="112" coveredconditionals="16" methods="25" coveredmethods="10"/>
      <file name="admin.controller.js" path="C:\DENTHA_PUNYA\Kuliah\semester_5\backend_dasar\fp\asisstHukum_BE_Fundanmental\src\controllers\admin.controller.js">
        <metrics statements="10" coveredstatements="8" conditionals="2" coveredconditionals="1" methods="1" coveredmethods="1"/>
        <line num="1" count="5" type="stmt"/>
        <line num="2" count="5" type="stmt"/>
        <line num="5" count="1" type="stmt"/>
        <line num="6" count="1" type="stmt"/>
        <line num="8" count="1" type="cond" truecount="1" falsecount="1"/>
        <line num="9" count="0" type="stmt"/>
        <line num="12" count="1" type="stmt"/>
        <line num="25" count="1" type="stmt"/>
        <line num="27" count="0" type="stmt"/>
        <line num="31" count="5" type="stmt"/>
      </file>
      <file name="auth.controller.js" path="C:\DENTHA_PUNYA\Kuliah\semester_5\backend_dasar\fp\asisstHukum_BE_Fundanmental\src\controllers\auth.controller.js">
        <metrics statements="25" coveredstatements="21" conditionals="6" coveredconditionals="4" methods="2" coveredmethods="2"/>
        <line num="1" count="5" type="stmt"/>
        <line num="2" count="5" type="stmt"/>
        <line num="3" count="5" type="stmt"/>
        <line num="4" count="5" type="stmt"/>
        <line num="7" count="1" type="stmt"/>
        <line num="8" count="1" type="stmt"/>
        <line num="10" count="1" type="stmt"/>
        <line num="11" count="1" type="cond" truecount="1" falsecount="1"/>
        <line num="12" count="0" type="stmt"/>
        <line num="15" count="1" type="stmt"/>
        <line num="17" count="1" type="stmt"/>
        <line num="33" count="1" type="stmt"/>
        <line num="38" count="0" type="stmt"/>
        <line num="43" count="2" type="stmt"/>
        <line num="44" count="2" type="stmt"/>
        <line num="46" count="2" type="stmt"/>
        <line num="47" count="2" type="cond" truecount="1" falsecount="1"/>
        <line num="48" count="0" type="stmt"/>
        <line num="51" count="2" type="stmt"/>
        <line num="52" count="2" type="cond" truecount="2" falsecount="0"/>
        <line num="53" count="1" type="stmt"/>
        <line num="56" count="1" type="stmt"/>
        <line num="66" count="1" type="stmt"/>
        <line num="76" count="0" type="stmt"/>
        <line num="80" count="5" type="stmt"/>
      </file>
      <file name="business.controller.js" path="C:\DENTHA_PUNYA\Kuliah\semester_5\backend_dasar\fp\asisstHukum_BE_Fundanmental\src\controllers\business.controller.js">
        <metrics statements="85" coveredstatements="17" conditionals="44" coveredconditionals="5" methods="9" coveredmethods="3"/>
        <line num="1" count="5" type="stmt"/>
        <line num="2" count="5" type="stmt"/>
        <line num="5" count="1" type="stmt"/>
        <line num="6" count="1" type="stmt"/>
        <line num="8" count="1" type="stmt"/>
        <line num="21" count="1" type="stmt"/>
        <line num="23" count="0" type="stmt"/>
        <line num="28" count="1" type="stmt"/>
        <line num="29" count="1" type="stmt"/>
        <line num="59" count="1" type="stmt"/>
        <line num="61" count="0" type="stmt"/>
        <line num="67" count="1" type="stmt"/>
        <line num="68" count="1" type="stmt"/>
        <line num="70" count="1" type="cond" truecount="1" falsecount="1"/>
        <line num="71" count="0" type="stmt"/>
        <line num="74" count="1" type="stmt"/>
        <line num="99" count="1" type="cond" truecount="1" falsecount="1"/>
        <line num="100" count="0" type="stmt"/>
        <line num="103" count="1" type="cond" truecount="1" falsecount="1"/>
        <line num="107" count="0" type="stmt"/>
        <line num="110" count="1" type="stmt"/>
        <line num="113" count="0" type="stmt"/>
        <line num="119" count="0" type="stmt"/>
        <line num="120" count="0" type="stmt"/>
        <line num="122" count="0" type="cond" truecount="0" falsecount="2"/>
        <line num="123" count="0" type="stmt"/>
        <line num="125" count="0" type="stmt"/>
        <line num="127" count="0" type="stmt"/>
        <line num="129" count="0" type="cond" truecount="0" falsecount="2"/>
        <line num="130" count="0" type="stmt"/>
        <line num="133" count="0" type="cond" truecount="0" falsecount="2"/>
        <line num="134" count="0" type="stmt"/>
        <line num="137" count="0" type="stmt"/>
        <line num="138" count="0" type="cond" truecount="0" falsecount="2"/>
        <line num="139" count="0" type="cond" truecount="0" falsecount="2"/>
        <line num="141" count="0" type="stmt"/>
        <line num="154" count="0" type="stmt"/>
        <line num="156" count="0" type="stmt"/>
        <line num="161" count="0" type="stmt"/>
        <line num="162" count="0" type="stmt"/>
        <line num="164" count="0" type="cond" truecount="0" falsecount="2"/>
        <line num="165" count="0" type="stmt"/>
        <line num="168" count="0" type="stmt"/>
        <line num="170" count="0" type="stmt"/>
        <line num="172" count="0" type="stmt"/>
        <line num="177" count="0" type="stmt"/>
        <line num="178" count="0" type="stmt"/>
        <line num="179" count="0" type="stmt"/>
        <line num="181" count="0" type="stmt"/>
        <line num="182" count="0" type="cond" truecount="0" falsecount="2"/>
        <line num="183" count="0" type="cond" truecount="0" falsecount="2"/>
        <line num="185" count="0" type="stmt"/>
        <line num="198" count="0" type="stmt"/>
        <line num="200" count="0" type="stmt"/>
        <line num="205" count="0" type="stmt"/>
        <line num="206" count="0" type="stmt"/>
        <line num="208" count="0" type="cond" truecount="0" falsecount="2"/>
        <line num="209" count="0" type="stmt"/>
        <line num="212" count="0" type="stmt"/>
        <line num="214" count="0" type="cond" truecount="0" falsecount="2"/>
        <line num="215" count="0" type="stmt"/>
        <line num="218" count="0" type="cond" truecount="0" falsecount="4"/>
        <line num="219" count="0" type="stmt"/>
        <line num="222" count="0" type="stmt"/>
        <line num="229" count="0" type="stmt"/>
        <line num="231" count="0" type="stmt"/>
        <line num="236" count="0" type="stmt"/>
        <line num="237" count="0" type="stmt"/>
        <line num="238" count="0" type="stmt"/>
        <line num="240" count="0" type="cond" truecount="0" falsecount="4"/>
        <line num="241" count="0" type="stmt"/>
        <line num="244" count="0" type="stmt"/>
        <line num="246" count="0" type="cond" truecount="0" falsecount="4"/>
        <line num="247" count="0" type="stmt"/>
        <line num="250" count="0" type="stmt"/>
        <line num="252" count="0" type="cond" truecount="0" falsecount="4"/>
        <line num="253" count="0" type="stmt"/>
        <line num="256" count="0" type="stmt"/>
        <line num="258" count="0" type="stmt"/>
        <line num="260" count="0" type="stmt"/>
        <line num="265" count="0" type="stmt"/>
        <line num="266" count="0" type="stmt"/>
        <line num="279" count="0" type="stmt"/>
        <line num="281" count="0" type="stmt"/>
        <line num="285" count="5" type="stmt"/>
      </file>
      <file name="consultation.controller.js" path="C:\DENTHA_PUNYA\Kuliah\semester_5\backend_dasar\fp\asisstHukum_BE_Fundanmental\src\controllers\consultation.controller.js">
        <metrics statements="79" coveredstatements="19" conditionals="36" coveredconditionals="5" methods="9" coveredmethods="3"/>
        <line num="1" count="5" type="stmt"/>
        <line num="2" count="5" type="stmt"/>
        <line num="5" count="1" type="stmt"/>
        <line num="6" count="1" type="stmt"/>
        <line num="8" count="1" type="stmt"/>
        <line num="10" count="1" type="cond" truecount="1" falsecount="1"/>
        <line num="11" count="0" type="stmt"/>
        <line num="14" count="1" type="cond" truecount="3" falsecount="1"/>
        <line num="15" count="0" type="stmt"/>
        <line num="18" count="1" type="stmt"/>
        <line num="28" count="1" type="stmt"/>
        <line num="30" count="0" type="stmt"/>
        <line num="35" count="0" type="stmt"/>
        <line num="36" count="0" type="stmt"/>
        <line num="41" count="0" type="stmt"/>
        <line num="43" count="0" type="stmt"/>
        <line num="56" count="0" type="stmt"/>
        <line num="58" count="0" type="stmt"/>
        <line num="63" count="0" type="stmt"/>
        <line num="64" count="0" type="stmt"/>
        <line num="74" count="0" type="stmt"/>
        <line num="76" count="0" type="stmt"/>
        <line num="81" count="1" type="stmt"/>
        <line num="82" count="1" type="stmt"/>
        <line num="90" count="1" type="stmt"/>
        <line num="92" count="0" type="stmt"/>
        <line num="97" count="1" type="stmt"/>
        <line num="98" count="1" type="stmt"/>
        <line num="99" count="1" type="stmt"/>
        <line num="101" count="1" type="cond" truecount="1" falsecount="1"/>
        <line num="102" count="0" type="stmt"/>
        <line num="105" count="1" type="stmt"/>
        <line num="116" count="1" type="stmt"/>
        <line num="118" count="0" type="stmt"/>
        <line num="123" count="0" type="stmt"/>
        <line num="124" count="0" type="stmt"/>
        <line num="125" count="0" type="stmt"/>
        <line num="127" count="0" type="stmt"/>
        <line num="129" count="0" type="cond" truecount="0" falsecount="2"/>
        <line num="130" count="0" type="stmt"/>
        <line num="133" count="0" type="cond" truecount="0" falsecount="4"/>
        <line num="134" count="0" type="stmt"/>
        <line num="137" count="0" type="stmt"/>
        <line num="148" count="0" type="stmt"/>
        <line num="150" count="0" type="stmt"/>
        <line num="155" count="0" type="stmt"/>
        <line num="156" count="0" type="stmt"/>
        <line num="157" count="0" type="stmt"/>
        <line num="159" count="0" type="cond" truecount="0" falsecount="2"/>
        <line num="160" count="0" type="stmt"/>
        <line num="163" count="0" type="stmt"/>
        <line num="165" count="0" type="cond" truecount="0" falsecount="2"/>
        <line num="166" count="0" type="stmt"/>
        <line num="169" count="0" type="cond" truecount="0" falsecount="4"/>
        <line num="170" count="0" type="stmt"/>
        <line num="173" count="0" type="stmt"/>
        <line num="175" count="0" type="cond" truecount="0" falsecount="2"/>
        <line num="176" count="0" type="stmt"/>
        <line num="179" count="0" type="cond" truecount="0" falsecount="2"/>
        <line num="180" count="0" type="stmt"/>
        <line num="183" count="0" type="stmt"/>
        <line num="194" count="0" type="stmt"/>
        <line num="196" count="0" type="stmt"/>
        <line num="201" count="0" type="stmt"/>
        <line num="202" count="0" type="stmt"/>
        <line num="204" count="0" type="cond" truecount="0" falsecount="2"/>
        <line num="205" count="0" type="stmt"/>
        <line num="208" count="0" type="cond" truecount="0" falsecount="2"/>
        <line num="209" count="0" type="stmt"/>
        <line num="212" count="0" type="stmt"/>
        <line num="216" count="0" type="cond" truecount="0" falsecount="2"/>
        <line num="217" count="0" type="stmt"/>
        <line num="220" count="0" type="cond" truecount="0" falsecount="4"/>
        <line num="221" count="0" type="stmt"/>
        <line num="224" count="0" type="stmt"/>
        <line num="235" count="0" type="stmt"/>
        <line num="246" count="0" type="stmt"/>
        <line num="251" count="0" type="stmt"/>
        <line num="255" count="5" type="stmt"/>
      </file>
      <file name="file.controller.js" path="C:\DENTHA_PUNYA\Kuliah\semester_5\backend_dasar\fp\asisstHukum_BE_Fundanmental\src\controllers\file.controller.js">
        <metrics statements="48" coveredstatements="10" conditionals="24" coveredconditionals="1" methods="4" coveredmethods="1"/>
        <line num="1" count="5" type="stmt"/>
        <line num="2" count="5" type="stmt"/>
        <line num="3" count="5" type="stmt"/>
        <line num="4" count="5" type="stmt"/>
        <line num="7" count="0" type="stmt"/>
        <line num="8" count="0" type="cond" truecount="0" falsecount="2"/>
        <line num="9" count="0" type="stmt"/>
        <line num="12" count="0" type="cond" truecount="0" falsecount="2"/>
        <line num="14" count="0" type="cond" truecount="0" falsecount="2"/>
        <line num="15" count="0" type="stmt"/>
        <line num="18" count="0" type="stmt"/>
        <line num="26" count="0" type="stmt"/>
        <line num="28" count="0" type="stmt"/>
        <line num="33" count="1" type="stmt"/>
        <line num="34" count="1" type="stmt"/>
        <line num="36" count="1" type="cond" truecount="1" falsecount="1"/>
        <line num="37" count="0" type="stmt"/>
        <line num="40" count="1" type="stmt"/>
        <line num="45" count="1" type="stmt"/>
        <line num="47" count="0" type="stmt"/>
        <line num="52" count="0" type="stmt"/>
        <line num="53" count="0" type="stmt"/>
        <line num="55" count="0" type="cond" truecount="0" falsecount="2"/>
        <line num="56" count="0" type="stmt"/>
        <line num="59" count="0" type="stmt"/>
        <line num="61" count="0" type="cond" truecount="0" falsecount="2"/>
        <line num="62" count="0" type="stmt"/>
        <line num="65" count="0" type="cond" truecount="0" falsecount="2"/>
        <line num="66" count="0" type="stmt"/>
        <line num="68" count="0" type="cond" truecount="0" falsecount="2"/>
        <line num="69" count="0" type="stmt"/>
        <line num="72" count="0" type="stmt"/>
        <line num="74" count="0" type="stmt"/>
        <line num="79" count="0" type="stmt"/>
        <line num="80" count="0" type="stmt"/>
        <line num="82" count="0" type="cond" truecount="0" falsecount="2"/>
        <line num="83" count="0" type="stmt"/>
        <line num="86" count="0" type="stmt"/>
        <line num="88" count="0" type="cond" truecount="0" falsecount="2"/>
        <line num="89" count="0" type="stmt"/>
        <line num="92" count="0" type="cond" truecount="0" falsecount="2"/>
        <line num="93" count="0" type="stmt"/>
        <line num="95" count="0" type="cond" truecount="0" falsecount="2"/>
        <line num="96" count="0" type="stmt"/>
        <line num="99" count="0" type="stmt"/>
        <line num="101" count="0" type="stmt"/>
        <line num="103" count="0" type="stmt"/>
        <line num="107" count="5" type="stmt"/>
      </file>
    </package>
    <package name="middleware">
      <metrics statements="97" coveredstatements="48" conditionals="84" coveredconditionals="23" methods="15" coveredmethods="8"/>
      <file name="auth.js" path="C:\DENTHA_PUNYA\Kuliah\semester_5\backend_dasar\fp\asisstHukum_BE_Fundanmental\src\middleware\auth.js">
        <metrics statements="25" coveredstatements="17" conditionals="14" coveredconditionals="5" methods="4" coveredmethods="4"/>
        <line num="1" count="5" type="stmt"/>
        <line num="2" count="5" type="stmt"/>
        <line num="5" count="8" type="cond" truecount="1" falsecount="1"/>
        <line num="7" count="8" type="cond" truecount="1" falsecount="1"/>
        <line num="8" count="0" type="stmt"/>
        <line num="11" count="8" type="stmt"/>
        <line num="13" count="8" type="stmt"/>
        <line num="14" count="8" type="stmt"/>
        <line num="15" count="8" type="stmt"/>
        <line num="16" count="8" type="stmt"/>
        <line num="18" count="0" type="cond" truecount="0" falsecount="2"/>
        <line num="19" count="0" type="stmt"/>
        <line num="21" count="0" type="cond" truecount="0" falsecount="2"/>
        <line num="22" count="0" type="stmt"/>
        <line num="24" count="0" type="stmt"/>
        <line num="29" count="105" type="stmt"/>
        <line num="30" count="8" type="cond" truecount="1" falsecount="1"/>
        <line num="31" count="0" type="stmt"/>
        <line num="34" count="8" type="cond" truecount="1" falsecount="1"/>
        <line num="36" count="8" type="stmt"/>
        <line num="37" count="11" type="stmt"/>
        <line num="39" count="8" type="cond" truecount="1" falsecount="1"/>
        <line num="40" count="0" type="stmt"/>
        <line num="43" count="8" type="stmt"/>
        <line num="47" count="5" type="stmt"/>
      </file>
      <file name="errorHandler.js" path="C:\DENTHA_PUNYA\Kuliah\semester_5\backend_dasar\fp\asisstHukum_BE_Fundanmental\src\middleware\errorHandler.js">
        <metrics statements="31" coveredstatements="3" conditionals="40" coveredconditionals="0" methods="4" coveredmethods="0"/>
        <line num="1" count="5" type="stmt"/>
        <line num="2" count="5" type="stmt"/>
        <line num="5" count="0" type="stmt"/>
        <line num="13" count="0" type="cond" truecount="0" falsecount="2"/>
        <line num="14" count="0" type="stmt"/>
        <line num="17" count="0" type="cond" truecount="0" falsecount="4"/>
        <line num="18" count="0" type="stmt"/>
        <line num="21" count="0" type="cond" truecount="0" falsecount="2"/>
        <line num="22" count="0" type="stmt"/>
        <line num="25" count="0" type="cond" truecount="0" falsecount="4"/>
        <line num="26" count="0" type="cond" truecount="0" falsecount="2"/>
        <line num="27" count="0" type="cond" truecount="0" falsecount="2"/>
        <line num="28" count="0" type="cond" truecount="0" falsecount="2"/>
        <line num="31" count="0" type="cond" truecount="0" falsecount="4"/>
        <line num="32" count="0" type="stmt"/>
        <line num="35" count="0" type="cond" truecount="0" falsecount="2"/>
        <line num="36" count="0" type="stmt"/>
        <line num="39" count="0" type="cond" truecount="0" falsecount="2"/>
        <line num="40" count="0" type="stmt"/>
        <line num="43" count="0" type="cond" truecount="0" falsecount="4"/>
        <line num="44" count="0" type="stmt"/>
        <line num="47" count="0" type="stmt"/>
        <line num="53" count="0" type="stmt"/>
        <line num="89" count="0" type="cond" truecount="0" falsecount="2"/>
        <line num="95" count="0" type="stmt"/>
        <line num="99" count="0" type="stmt"/>
        <line num="109" count="0" type="cond" truecount="0" falsecount="2"/>
        <line num="114" count="0" type="stmt"/>
        <line num="118" count="0" type="stmt"/>
        <line num="128" count="0" type="cond" truecount="0" falsecount="2"/>
        <line num="131" count="5" type="stmt"/>
      </file>
      <file name="sanitize.js" path="C:\DENTHA_PUNYA\Kuliah\semester_5\backend_dasar\fp\asisstHukum_BE_Fundanmental\src\middleware\sanitize.js">
        <metrics statements="23" coveredstatements="20" conditionals="26" coveredconditionals="18" methods="3" coveredmethods="2"/>
        <line num="1" count="5" type="stmt"/>
        <line num="4" count="33" type="cond" truecount="3" falsecount="1"/>
        <line num="5" count="0" type="stmt"/>
        <line num="8" count="33" type="cond" truecount="1" falsecount="1"/>
        <line num="9" count="0" type="stmt"/>
        <line num="12" count="33" type="stmt"/>
        <line num="13" count="33" type="stmt"/>
        <line num="14" count="11" type="cond" truecount="1" falsecount="1"/>
        <line num="15" count="11" type="stmt"/>
        <line num="16" count="11" type="cond" truecount="2" falsecount="0"/>
        <line num="17" count="9" type="stmt"/>
        <line num="22" count="2" type="cond" truecount="2" falsecount="2"/>
        <line num="23" count="0" type="stmt"/>
        <line num="25" count="2" type="stmt"/>
        <line num="29" count="33" type="stmt"/>
        <line num="33" count="11" type="cond" truecount="3" falsecount="1"/>
        <line num="34" count="11" type="stmt"/>
        <line num="36" count="11" type="cond" truecount="3" falsecount="1"/>
        <line num="37" count="11" type="stmt"/>
        <line num="39" count="11" type="cond" truecount="3" falsecount="1"/>
        <line num="40" count="11" type="stmt"/>
        <line num="42" count="11" type="stmt"/>
        <line num="45" count="5" type="stmt"/>
      </file>
      <file name="upload.js" path="C:\DENTHA_PUNYA\Kuliah\semester_5\backend_dasar\fp\asisstHukum_BE_Fundanmental\src\middleware\upload.js">
        <metrics statements="7" coveredstatements="0" conditionals="2" coveredconditionals="0" methods="2" coveredmethods="0"/>
        <line num="5" count="0" type="stmt"/>
        <line num="6" count="0" type="cond" truecount="0" falsecount="2"/>
        <line num="8" count="0" type="stmt"/>
        <line num="10" count="0" type="stmt"/>
        <line num="13" count="0" type="stmt"/>
        <line num="14" count="0" type="stmt"/>
        <line num="18" count="0" type="stmt"/>
      </file>
      <file name="validate.js" path="C:\DENTHA_PUNYA\Kuliah\semester_5\backend_dasar\fp\asisstHukum_BE_Fundanmental\src\middleware\validate.js">
        <metrics statements="11" coveredstatements="8" conditionals="2" coveredconditionals="0" methods="2" coveredmethods="2"/>
        <line num="1" count="5" type="stmt"/>
        <line num="2" count="5" type="stmt"/>
        <line num="5" count="45" type="stmt"/>
        <line num="6" count="6" type="stmt"/>
        <line num="7" count="6" type="stmt"/>
        <line num="8" count="6" type="stmt"/>
        <line num="9" count="6" type="stmt"/>
        <line num="11" count="0" type="cond" truecount="0" falsecount="2"/>
        <line num="12" count="0" type="stmt"/>
        <line num="15" count="0" type="stmt"/>
        <line num="20" count="5" type="stmt"/>
      </file>
    </package>
    <package name="routes">
      <metrics statements="70" coveredstatements="70" conditionals="0" coveredconditionals="0" methods="0" coveredmethods="0"/>
      <file name="admin.route.js" path="C:\DENTHA_PUNYA\Kuliah\semester_5\backend_dasar\fp\asisstHukum_BE_Fundanmental\src\routes\admin.route.js">
        <metrics statements="6" coveredstatements="6" conditionals="0" coveredconditionals="0" methods="0" coveredmethods="0"/>
        <line num="1" count="5" type="stmt"/>
        <line num="2" count="5" type="stmt"/>
        <line num="3" count="5" type="stmt"/>
        <line num="4" count="5" type="stmt"/>
        <line num="6" count="5" type="stmt"/>
        <line num="13" count="5" type="stmt"/>
      </file>
      <file name="auth.route.js" path="C:\DENTHA_PUNYA\Kuliah\semester_5\backend_dasar\fp\asisstHukum_BE_Fundanmental\src\routes\auth.route.js">
        <metrics statements="8" coveredstatements="8" conditionals="0" coveredconditionals="0" methods="0" coveredmethods="0"/>
        <line num="1" count="5" type="stmt"/>
        <line num="2" count="5" type="stmt"/>
        <line num="4" count="5" type="stmt"/>
        <line num="5" count="5" type="stmt"/>
        <line num="6" count="5" type="stmt"/>
        <line num="9" count="5" type="stmt"/>
        <line num="12" count="5" type="stmt"/>
        <line num="14" count="5" type="stmt"/>
      </file>
      <file name="business.route.js" path="C:\DENTHA_PUNYA\Kuliah\semester_5\backend_dasar\fp\asisstHukum_BE_Fundanmental\src\routes\business.route.js">
        <metrics statements="17" coveredstatements="17" conditionals="0" coveredconditionals="0" methods="0" coveredmethods="0"/>
        <line num="1" count="5" type="stmt"/>
        <line num="2" count="5" type="stmt"/>
        <line num="4" count="5" type="stmt"/>
        <line num="5" count="5" type="stmt"/>
        <line num="6" count="5" type="stmt"/>
        <line num="11" count="5" type="stmt"/>
        <line num="12" count="5" type="stmt"/>
        <line num="15" count="5" type="stmt"/>
        <line num="23" count="5" type="stmt"/>
        <line num="31" count="5" type="stmt"/>
        <line num="40" count="5" type="stmt"/>
        <line num="48" count="5" type="stmt"/>
        <line num="57" count="5" type="stmt"/>
        <line num="65" count="5" type="stmt"/>
        <line num="74" count="5" type="stmt"/>
        <line num="83" count="5" type="stmt"/>
        <line num="90" count="5" type="stmt"/>
      </file>
      <file name="consultation.route.js" path="C:\DENTHA_PUNYA\Kuliah\semester_5\backend_dasar\fp\asisstHukum_BE_Fundanmental\src\routes\consultation.route.js">
        <metrics statements="16" coveredstatements="16" conditionals="0" coveredconditionals="0" methods="0" coveredmethods="0"/>
        <line num="1" count="5" type="stmt"/>
        <line num="2" count="5" type="stmt"/>
        <line num="4" count="5" type="stmt"/>
        <line num="5" count="5" type="stmt"/>
        <line num="6" count="5" type="stmt"/>
        <line num="12" count="5" type="stmt"/>
        <line num="13" count="5" type="stmt"/>
        <line num="15" count="5" type="stmt"/>
        <line num="23" count="5" type="stmt"/>
        <line num="30" count="5" type="stmt"/>
        <line num="37" count="5" type="stmt"/>
        <line num="45" count="5" type="stmt"/>
        <line num="53" count="5" type="stmt"/>
        <line num="60" count="5" type="stmt"/>
        <line num="68" count="5" type="stmt"/>
        <line num="76" count="5" type="stmt"/>
      </file>
      <file name="file.route.js" path="C:\DENTHA_PUNYA\Kuliah\semester_5\backend_dasar\fp\asisstHukum_BE_Fundanmental\src\routes\file.route.js">
        <metrics statements="10" coveredstatements="10" conditionals="0" coveredconditionals="0" methods="0" coveredmethods="0"/>
        <line num="1" count="5" type="stmt"/>
        <line num="2" count="5" type="stmt"/>
        <line num="4" count="5" type="stmt"/>
        <line num="5" count="5" type="stmt"/>
        <line num="6" count="5" type="stmt"/>
        <line num="9" count="5" type="stmt"/>
        <line num="18" count="5" type="stmt"/>
        <line num="26" count="5" type="stmt"/>
        <line num="33" count="5" type="stmt"/>
        <line num="40" count="5" type="stmt"/>
      </file>
      <file name="route.js" path="C:\DENTHA_PUNYA\Kuliah\semester_5\backend_dasar\fp\asisstHukum_BE_Fundanmental\src\routes\route.js">
        <metrics statements="13" coveredstatements="13" conditionals="0" coveredconditionals="0" methods="0" coveredmethods="0"/>
        <line num="1" count="5" type="stmt"/>
        <line num="2" count="5" type="stmt"/>
        <line num="4" count="5" type="stmt"/>
        <line num="5" count="5" type="stmt"/>
        <line num="6" count="5" type="stmt"/>
        <line num="7" count="5" type="stmt"/>
        <line num="8" count="5" type="stmt"/>
        <line num="10" count="5" type="stmt"/>
        <line num="11" count="5" type="stmt"/>
        <line num="12" count="5" type="stmt"/>
        <line num="13" count="5" type="stmt"/>
        <line num="14" count="5" type="stmt"/>
        <line num="16" count="5" type="stmt"/>
      </file>
    </package>
    <package name="services">
      <metrics statements="15" coveredstatements="9" conditionals="8" coveredconditionals="4" methods="3" coveredmethods="0"/>
      <file name="storage.js" path="C:\DENTHA_PUNYA\Kuliah\semester_5\backend_dasar\fp\asisstHukum_BE_Fundanmental\src\services\storage.js">
        <metrics statements="15" coveredstatements="9" conditionals="8" coveredconditionals="4" methods="3" coveredmethods="0"/>
        <line num="1" count="5" type="stmt"/>
        <line num="2" count="5" type="stmt"/>
        <line num="3" count="5" type="stmt"/>
        <line num="4" count="5" type="cond" truecount="1" falsecount="1"/>
        <line num="5" count="5" type="cond" truecount="1" falsecount="1"/>
        <line num="7" count="5" type="stmt"/>
        <line num="9" count="0" type="stmt"/>
        <line num="12" count="0" type="stmt"/>
        <line num="13" count="0" type="stmt"/>
        <line num="17" count="5" type="cond" truecount="2" falsecount="0"/>
        <line num="19" count="5" type="stmt"/>
        <line num="23" count="0" type="stmt"/>
        <line num="24" count="0" type="cond" truecount="0" falsecount="2"/>
        <line num="25" count="0" type="stmt"/>
        <line num="29" count="5" type="stmt"/>
      </file>
    </package>
    <package name="utils">
      <metrics statements="33" coveredstatements="18" conditionals="25" coveredconditionals="7" methods="11" coveredmethods="2"/>
      <file name="errors.js" path="C:\DENTHA_PUNYA\Kuliah\semester_5\backend_dasar\fp\asisstHukum_BE_Fundanmental\src\utils\errors.js">
        <metrics statements="15" coveredstatements="2" conditionals="8" coveredconditionals="0" methods="8" coveredmethods="0"/>
        <line num="3" count="0" type="stmt"/>
        <line num="4" count="0" type="stmt"/>
        <line num="5" count="0" type="stmt"/>
        <line num="6" count="0" type="stmt"/>
        <line num="7" count="0" type="stmt"/>
        <line num="13" count="0" type="stmt"/>
        <line num="14" count="0" type="stmt"/>
        <line num="20" count="0" type="stmt"/>
        <line num="26" count="0" type="stmt"/>
        <line num="32" count="0" type="stmt"/>
        <line num="38" count="0" type="stmt"/>
        <line num="42" count="5" type="stmt"/>
        <line num="43" count="0" type="stmt"/>
        <line num="44" count="0" type="stmt"/>
        <line num="48" count="5" type="stmt"/>
      </file>
      <file name="prismaClient.js" path="C:\DENTHA_PUNYA\Kuliah\semester_5\backend_dasar\fp\asisstHukum_BE_Fundanmental\src\utils\prismaClient.js">
        <metrics statements="3" coveredstatements="3" conditionals="0" coveredconditionals="0" methods="0" coveredmethods="0"/>
        <line num="1" count="5" type="stmt"/>
        <line num="3" count="5" type="stmt"/>
        <line num="5" count="5" type="stmt"/>
      </file>
      <file name="response.js" path="C:\DENTHA_PUNYA\Kuliah\semester_5\backend_dasar\fp\asisstHukum_BE_Fundanmental\src\utils\response.js">
        <metrics statements="15" coveredstatements="13" conditionals="17" coveredconditionals="7" methods="3" coveredmethods="2"/>
        <line num="1" count="5" type="cond" truecount="0" falsecount="2"/>
        <line num="2" count="10" type="stmt"/>
        <line num="7" count="10" type="cond" truecount="1" falsecount="1"/>
        <line num="8" count="10" type="stmt"/>
        <line num="11" count="10" type="stmt"/>
        <line num="14" count="5" type="cond" truecount="1" falsecount="2"/>
        <line num="15" count="1" type="stmt"/>
        <line num="20" count="1" type="cond" truecount="1" falsecount="1"/>
        <line num="21" count="1" type="stmt"/>
        <line num="24" count="1" type="cond" truecount="2" falsecount="2"/>
        <line num="25" count="0" type="stmt"/>
        <line num="28" count="1" type="stmt"/>
        <line num="31" count="5" type="stmt"/>
        <line num="32" count="0" type="stmt"/>
        <line num="40" count="5" type="stmt"/>
      </file>
    </package>
    <package name="validation">
      <metrics statements="13" coveredstatements="11" conditionals="4" coveredconditionals="0" methods="2" coveredmethods="0"/>
      <file name="schema.js" path="C:\DENTHA_PUNYA\Kuliah\semester_5\backend_dasar\fp\asisstHukum_BE_Fundanmental\src\validation\schema.js">
        <metrics statements="13" coveredstatements="11" conditionals="4" coveredconditionals="0" methods="2" coveredmethods="0"/>
        <line num="1" count="5" type="stmt"/>
        <line num="7" count="5" type="stmt"/>
        <line num="14" count="5" type="stmt"/>
        <line num="23" count="5" type="stmt"/>
        <line num="33" count="5" type="stmt"/>
        <line num="35" count="5" type="stmt"/>
        <line num="53" count="0" type="cond" truecount="0" falsecount="2"/>
        <line num="61" count="5" type="stmt"/>
        <line num="72" count="5" type="stmt"/>
        <line num="82" count="5" type="stmt"/>
        <line num="89" count="5" type="stmt"/>
        <line num="100" count="0" type="cond" truecount="0" falsecount="2"/>
        <line num="104" count="5" type="stmt"/>
      </file>
    </package>
  </project>
</coverage>
