{"C:\\DENTHA_PUNYA\\Kuliah\\semester_5\\backend_dasar\\fp\\asisstHukum_BE_Fundanmental\\src\\controllers\\admin.controller.js": {"path":"C:\\DENTHA_PUNYA\\Kuliah\\semester_5\\backend_dasar\\fp\\asisstHukum_BE_Fundanmental\\src\\controllers\\admin.controller.js","statementMap":{"0":{"start":{"line":1,"column":15},"end":{"line":1,"column":47}},"1":{"start":{"line":2,"column":43},"end":{"line":2,"column":71}},"2":{"start":{"line":5,"column":4},"end":{"line":28,"column":5}},"3":{"start":{"line":6,"column":23},"end":{"line":6,"column":48}},"4":{"start":{"line":8,"column":8},"end":{"line":10,"column":9}},"5":{"start":{"line":9,"column":12},"end":{"line":9,"column":76}},"6":{"start":{"line":12,"column":21},"end":{"line":23,"column":10}},"7":{"start":{"line":25,"column":8},"end":{"line":25,"column":87}},"8":{"start":{"line":27,"column":8},"end":{"line":27,"column":20}},"9":{"start":{"line":31,"column":0},"end":{"line":31,"column":40}}},"fnMap":{"0":{"name":"assignUserToLawyer","decl":{"start":{"line":4,"column":15},"end":{"line":4,"column":33}},"loc":{"start":{"line":4,"column":50},"end":{"line":29,"column":1}},"line":4}},"branchMap":{"0":{"loc":{"start":{"line":8,"column":8},"end":{"line":10,"column":9}},"type":"if","locations":[{"start":{"line":8,"column":8},"end":{"line":10,"column":9}},{"start":{},"end":{}}],"line":8}},"s":{"0":1,"1":1,"2":3,"3":3,"4":3,"5":1,"6":2,"7":1,"8":1,"9":1},"f":{"0":3},"b":{"0":[1,2]},"_coverageSchema":"1a1c01bbd47fc00a2c39e90264f33305004495a9","hash":"a883572609ceb3fce60ce70910f98bbd27cb976f"}
,"C:\\DENTHA_PUNYA\\Kuliah\\semester_5\\backend_dasar\\fp\\asisstHukum_BE_Fundanmental\\src\\controllers\\auth.controller.js": {"path":"C:\\DENTHA_PUNYA\\Kuliah\\semester_5\\backend_dasar\\fp\\asisstHukum_BE_Fundanmental\\src\\controllers\\auth.controller.js","statementMap":{"0":{"start":{"line":1,"column":15},"end":{"line":1,"column":34}},"1":{"start":{"line":2,"column":12},"end":{"line":2,"column":35}},"2":{"start":{"line":3,"column":15},"end":{"line":3,"column":47}},"3":{"start":{"line":4,"column":43},"end":{"line":4,"column":71}},"4":{"start":{"line":7,"column":4},"end":{"line":39,"column":5}},"5":{"start":{"line":8,"column":42},"end":{"line":8,"column":50}},"6":{"start":{"line":10,"column":29},"end":{"line":10,"column":79}},"7":{"start":{"line":11,"column":8},"end":{"line":13,"column":9}},"8":{"start":{"line":12,"column":12},"end":{"line":12,"column":87}},"9":{"start":{"line":15,"column":31},"end":{"line":15,"column":62}},"10":{"start":{"line":17,"column":21},"end":{"line":31,"column":10}},"11":{"start":{"line":33,"column":8},"end":{"line":35,"column":11}},"12":{"start":{"line":38,"column":8},"end":{"line":38,"column":20}},"13":{"start":{"line":43,"column":4},"end":{"line":77,"column":5}},"14":{"start":{"line":44,"column":36},"end":{"line":44,"column":44}},"15":{"start":{"line":46,"column":21},"end":{"line":46,"column":71}},"16":{"start":{"line":47,"column":8},"end":{"line":49,"column":9}},"17":{"start":{"line":48,"column":12},"end":{"line":48,"column":95}},"18":{"start":{"line":51,"column":32},"end":{"line":51,"column":77}},"19":{"start":{"line":52,"column":8},"end":{"line":54,"column":9}},"20":{"start":{"line":53,"column":12},"end":{"line":53,"column":95}},"21":{"start":{"line":56,"column":22},"end":{"line":64,"column":9}},"22":{"start":{"line":66,"column":8},"end":{"line":74,"column":11}},"23":{"start":{"line":76,"column":8},"end":{"line":76,"column":20}},"24":{"start":{"line":80,"column":0},"end":{"line":80,"column":37}}},"fnMap":{"0":{"name":"register","decl":{"start":{"line":6,"column":15},"end":{"line":6,"column":23}},"loc":{"start":{"line":6,"column":40},"end":{"line":40,"column":1}},"line":6},"1":{"name":"login","decl":{"start":{"line":42,"column":15},"end":{"line":42,"column":20}},"loc":{"start":{"line":42,"column":37},"end":{"line":78,"column":1}},"line":42}},"branchMap":{"0":{"loc":{"start":{"line":11,"column":8},"end":{"line":13,"column":9}},"type":"if","locations":[{"start":{"line":11,"column":8},"end":{"line":13,"column":9}},{"start":{},"end":{}}],"line":11},"1":{"loc":{"start":{"line":47,"column":8},"end":{"line":49,"column":9}},"type":"if","locations":[{"start":{"line":47,"column":8},"end":{"line":49,"column":9}},{"start":{},"end":{}}],"line":47},"2":{"loc":{"start":{"line":52,"column":8},"end":{"line":54,"column":9}},"type":"if","locations":[{"start":{"line":52,"column":8},"end":{"line":54,"column":9}},{"start":{},"end":{}}],"line":52}},"s":{"0":1,"1":1,"2":1,"3":1,"4":3,"5":3,"6":3,"7":2,"8":1,"9":1,"10":1,"11":1,"12":1,"13":4,"14":4,"15":4,"16":3,"17":1,"18":2,"19":2,"20":1,"21":1,"22":1,"23":1,"24":1},"f":{"0":3,"1":4},"b":{"0":[1,1],"1":[1,2],"2":[1,1]},"_coverageSchema":"1a1c01bbd47fc00a2c39e90264f33305004495a9","hash":"a40d87fa252afced9edbb3c9eadd98f3abf86905"}
,"C:\\DENTHA_PUNYA\\Kuliah\\semester_5\\backend_dasar\\fp\\asisstHukum_BE_Fundanmental\\src\\controllers\\business.controller.js": {"path":"C:\\DENTHA_PUNYA\\Kuliah\\semester_5\\backend_dasar\\fp\\asisstHukum_BE_Fundanmental\\src\\controllers\\business.controller.js","statementMap":{"0":{"start":{"line":1,"column":15},"end":{"line":1,"column":47}},"1":{"start":{"line":2,"column":43},"end":{"line":2,"column":71}},"2":{"start":{"line":5,"column":4},"end":{"line":24,"column":5}},"3":{"start":{"line":6,"column":30},"end":{"line":6,"column":38}},"4":{"start":{"line":8,"column":25},"end":{"line":19,"column":10}},"5":{"start":{"line":21,"column":8},"end":{"line":21,"column":84}},"6":{"start":{"line":23,"column":8},"end":{"line":23,"column":20}},"7":{"start":{"line":28,"column":4},"end":{"line":62,"column":5}},"8":{"start":{"line":29,"column":27},"end":{"line":57,"column":10}},"9":{"start":{"line":59,"column":8},"end":{"line":59,"column":91}},"10":{"start":{"line":61,"column":8},"end":{"line":61,"column":20}},"11":{"start":{"line":67,"column":4},"end":{"line":114,"column":5}},"12":{"start":{"line":68,"column":19},"end":{"line":68,"column":40}},"13":{"start":{"line":70,"column":8},"end":{"line":72,"column":9}},"14":{"start":{"line":71,"column":12},"end":{"line":71,"column":80}},"15":{"start":{"line":74,"column":25},"end":{"line":97,"column":10}},"16":{"start":{"line":99,"column":8},"end":{"line":101,"column":9}},"17":{"start":{"line":100,"column":12},"end":{"line":100,"column":78}},"18":{"start":{"line":103,"column":8},"end":{"line":108,"column":9}},"19":{"start":{"line":107,"column":12},"end":{"line":107,"column":69}},"20":{"start":{"line":110,"column":8},"end":{"line":110,"column":91}},"21":{"start":{"line":113,"column":8},"end":{"line":113,"column":20}},"22":{"start":{"line":119,"column":4},"end":{"line":157,"column":5}},"23":{"start":{"line":120,"column":19},"end":{"line":120,"column":40}},"24":{"start":{"line":122,"column":8},"end":{"line":124,"column":9}},"25":{"start":{"line":123,"column":12},"end":{"line":123,"column":80}},"26":{"start":{"line":125,"column":30},"end":{"line":125,"column":38}},"27":{"start":{"line":127,"column":25},"end":{"line":127,"column":76}},"28":{"start":{"line":129,"column":8},"end":{"line":131,"column":9}},"29":{"start":{"line":130,"column":12},"end":{"line":130,"column":78}},"30":{"start":{"line":133,"column":8},"end":{"line":135,"column":9}},"31":{"start":{"line":134,"column":12},"end":{"line":134,"column":97}},"32":{"start":{"line":137,"column":21},"end":{"line":137,"column":23}},"33":{"start":{"line":138,"column":8},"end":{"line":138,"column":49}},"34":{"start":{"line":138,"column":32},"end":{"line":138,"column":49}},"35":{"start":{"line":139,"column":8},"end":{"line":139,"column":46}},"36":{"start":{"line":139,"column":31},"end":{"line":139,"column":46}},"37":{"start":{"line":141,"column":24},"end":{"line":152,"column":10}},"38":{"start":{"line":154,"column":8},"end":{"line":154,"column":83}},"39":{"start":{"line":156,"column":8},"end":{"line":156,"column":20}},"40":{"start":{"line":161,"column":4},"end":{"line":173,"column":5}},"41":{"start":{"line":162,"column":19},"end":{"line":162,"column":40}},"42":{"start":{"line":164,"column":8},"end":{"line":166,"column":9}},"43":{"start":{"line":165,"column":12},"end":{"line":165,"column":80}},"44":{"start":{"line":168,"column":8},"end":{"line":168,"column":56}},"45":{"start":{"line":170,"column":8},"end":{"line":170,"column":74}},"46":{"start":{"line":172,"column":8},"end":{"line":172,"column":20}},"47":{"start":{"line":177,"column":4},"end":{"line":201,"column":5}},"48":{"start":{"line":178,"column":19},"end":{"line":178,"column":40}},"49":{"start":{"line":179,"column":38},"end":{"line":179,"column":46}},"50":{"start":{"line":181,"column":21},"end":{"line":181,"column":23}},"51":{"start":{"line":182,"column":8},"end":{"line":182,"column":58}},"52":{"start":{"line":182,"column":35},"end":{"line":182,"column":58}},"53":{"start":{"line":183,"column":8},"end":{"line":183,"column":61}},"54":{"start":{"line":183,"column":36},"end":{"line":183,"column":61}},"55":{"start":{"line":185,"column":25},"end":{"line":196,"column":10}},"56":{"start":{"line":198,"column":8},"end":{"line":198,"column":95}},"57":{"start":{"line":200,"column":8},"end":{"line":200,"column":20}},"58":{"start":{"line":205,"column":4},"end":{"line":232,"column":5}},"59":{"start":{"line":206,"column":27},"end":{"line":206,"column":48}},"60":{"start":{"line":208,"column":8},"end":{"line":210,"column":9}},"61":{"start":{"line":209,"column":12},"end":{"line":209,"column":74}},"62":{"start":{"line":212,"column":25},"end":{"line":212,"column":88}},"63":{"start":{"line":214,"column":8},"end":{"line":216,"column":9}},"64":{"start":{"line":215,"column":12},"end":{"line":215,"column":78}},"65":{"start":{"line":218,"column":8},"end":{"line":220,"column":9}},"66":{"start":{"line":219,"column":12},"end":{"line":219,"column":69}},"67":{"start":{"line":222,"column":23},"end":{"line":227,"column":10}},"68":{"start":{"line":229,"column":8},"end":{"line":229,"column":81}},"69":{"start":{"line":231,"column":8},"end":{"line":231,"column":20}},"70":{"start":{"line":236,"column":4},"end":{"line":261,"column":5}},"71":{"start":{"line":237,"column":27},"end":{"line":237,"column":56}},"72":{"start":{"line":238,"column":25},"end":{"line":238,"column":52}},"73":{"start":{"line":240,"column":8},"end":{"line":242,"column":9}},"74":{"start":{"line":241,"column":12},"end":{"line":241,"column":91}},"75":{"start":{"line":244,"column":23},"end":{"line":244,"column":82}},"76":{"start":{"line":246,"column":8},"end":{"line":248,"column":9}},"77":{"start":{"line":247,"column":12},"end":{"line":247,"column":76}},"78":{"start":{"line":250,"column":25},"end":{"line":250,"column":88}},"79":{"start":{"line":252,"column":8},"end":{"line":254,"column":9}},"80":{"start":{"line":253,"column":12},"end":{"line":253,"column":69}},"81":{"start":{"line":256,"column":8},"end":{"line":256,"column":64}},"82":{"start":{"line":258,"column":8},"end":{"line":258,"column":72}},"83":{"start":{"line":260,"column":8},"end":{"line":260,"column":20}},"84":{"start":{"line":265,"column":4},"end":{"line":282,"column":5}},"85":{"start":{"line":266,"column":27},"end":{"line":277,"column":10}},"86":{"start":{"line":279,"column":8},"end":{"line":279,"column":92}},"87":{"start":{"line":281,"column":8},"end":{"line":281,"column":20}},"88":{"start":{"line":285,"column":0},"end":{"line":295,"column":2}}},"fnMap":{"0":{"name":"createBusiness","decl":{"start":{"line":4,"column":15},"end":{"line":4,"column":29}},"loc":{"start":{"line":4,"column":46},"end":{"line":25,"column":1}},"line":4},"1":{"name":"getMyBusinesses","decl":{"start":{"line":27,"column":15},"end":{"line":27,"column":30}},"loc":{"start":{"line":27,"column":47},"end":{"line":63,"column":1}},"line":27},"2":{"name":"getBusiness","decl":{"start":{"line":66,"column":15},"end":{"line":66,"column":26}},"loc":{"start":{"line":66,"column":43},"end":{"line":115,"column":1}},"line":66},"3":{"name":"updateBusiness","decl":{"start":{"line":118,"column":15},"end":{"line":118,"column":29}},"loc":{"start":{"line":118,"column":46},"end":{"line":158,"column":1}},"line":118},"4":{"name":"deleteBusiness","decl":{"start":{"line":160,"column":15},"end":{"line":160,"column":29}},"loc":{"start":{"line":160,"column":46},"end":{"line":174,"column":1}},"line":160},"5":{"name":"assignBusiness","decl":{"start":{"line":176,"column":15},"end":{"line":176,"column":29}},"loc":{"start":{"line":176,"column":46},"end":{"line":202,"column":1}},"line":176},"6":{"name":"uploadPermit","decl":{"start":{"line":204,"column":15},"end":{"line":204,"column":27}},"loc":{"start":{"line":204,"column":44},"end":{"line":233,"column":1}},"line":204},"7":{"name":"removePermit","decl":{"start":{"line":235,"column":15},"end":{"line":235,"column":27}},"loc":{"start":{"line":235,"column":44},"end":{"line":262,"column":1}},"line":235},"8":{"name":"listAllBusinesses","decl":{"start":{"line":264,"column":15},"end":{"line":264,"column":32}},"loc":{"start":{"line":264,"column":49},"end":{"line":283,"column":1}},"line":264}},"branchMap":{"0":{"loc":{"start":{"line":70,"column":8},"end":{"line":72,"column":9}},"type":"if","locations":[{"start":{"line":70,"column":8},"end":{"line":72,"column":9}},{"start":{},"end":{}}],"line":70},"1":{"loc":{"start":{"line":99,"column":8},"end":{"line":101,"column":9}},"type":"if","locations":[{"start":{"line":99,"column":8},"end":{"line":101,"column":9}},{"start":{},"end":{}}],"line":99},"2":{"loc":{"start":{"line":103,"column":8},"end":{"line":108,"column":9}},"type":"if","locations":[{"start":{"line":103,"column":8},"end":{"line":108,"column":9}},{"start":{},"end":{}}],"line":103},"3":{"loc":{"start":{"line":104,"column":12},"end":{"line":105,"column":44}},"type":"binary-expr","locations":[{"start":{"line":104,"column":12},"end":{"line":104,"column":37}},{"start":{"line":105,"column":12},"end":{"line":105,"column":44}}],"line":104},"4":{"loc":{"start":{"line":122,"column":8},"end":{"line":124,"column":9}},"type":"if","locations":[{"start":{"line":122,"column":8},"end":{"line":124,"column":9}},{"start":{},"end":{}}],"line":122},"5":{"loc":{"start":{"line":129,"column":8},"end":{"line":131,"column":9}},"type":"if","locations":[{"start":{"line":129,"column":8},"end":{"line":131,"column":9}},{"start":{},"end":{}}],"line":129},"6":{"loc":{"start":{"line":133,"column":8},"end":{"line":135,"column":9}},"type":"if","locations":[{"start":{"line":133,"column":8},"end":{"line":135,"column":9}},{"start":{},"end":{}}],"line":133},"7":{"loc":{"start":{"line":138,"column":8},"end":{"line":138,"column":49}},"type":"if","locations":[{"start":{"line":138,"column":8},"end":{"line":138,"column":49}},{"start":{},"end":{}}],"line":138},"8":{"loc":{"start":{"line":139,"column":8},"end":{"line":139,"column":46}},"type":"if","locations":[{"start":{"line":139,"column":8},"end":{"line":139,"column":46}},{"start":{},"end":{}}],"line":139},"9":{"loc":{"start":{"line":164,"column":8},"end":{"line":166,"column":9}},"type":"if","locations":[{"start":{"line":164,"column":8},"end":{"line":166,"column":9}},{"start":{},"end":{}}],"line":164},"10":{"loc":{"start":{"line":182,"column":8},"end":{"line":182,"column":58}},"type":"if","locations":[{"start":{"line":182,"column":8},"end":{"line":182,"column":58}},{"start":{},"end":{}}],"line":182},"11":{"loc":{"start":{"line":183,"column":8},"end":{"line":183,"column":61}},"type":"if","locations":[{"start":{"line":183,"column":8},"end":{"line":183,"column":61}},{"start":{},"end":{}}],"line":183},"12":{"loc":{"start":{"line":208,"column":8},"end":{"line":210,"column":9}},"type":"if","locations":[{"start":{"line":208,"column":8},"end":{"line":210,"column":9}},{"start":{},"end":{}}],"line":208},"13":{"loc":{"start":{"line":214,"column":8},"end":{"line":216,"column":9}},"type":"if","locations":[{"start":{"line":214,"column":8},"end":{"line":216,"column":9}},{"start":{},"end":{}}],"line":214},"14":{"loc":{"start":{"line":218,"column":8},"end":{"line":220,"column":9}},"type":"if","locations":[{"start":{"line":218,"column":8},"end":{"line":220,"column":9}},{"start":{},"end":{}}],"line":218},"15":{"loc":{"start":{"line":218,"column":12},"end":{"line":218,"column":73}},"type":"binary-expr","locations":[{"start":{"line":218,"column":12},"end":{"line":218,"column":37}},{"start":{"line":218,"column":41},"end":{"line":218,"column":73}}],"line":218},"16":{"loc":{"start":{"line":240,"column":8},"end":{"line":242,"column":9}},"type":"if","locations":[{"start":{"line":240,"column":8},"end":{"line":242,"column":9}},{"start":{},"end":{}}],"line":240},"17":{"loc":{"start":{"line":240,"column":12},"end":{"line":240,"column":62}},"type":"binary-expr","locations":[{"start":{"line":240,"column":12},"end":{"line":240,"column":36}},{"start":{"line":240,"column":40},"end":{"line":240,"column":62}}],"line":240},"18":{"loc":{"start":{"line":246,"column":8},"end":{"line":248,"column":9}},"type":"if","locations":[{"start":{"line":246,"column":8},"end":{"line":248,"column":9}},{"start":{},"end":{}}],"line":246},"19":{"loc":{"start":{"line":246,"column":12},"end":{"line":246,"column":55}},"type":"binary-expr","locations":[{"start":{"line":246,"column":12},"end":{"line":246,"column":19}},{"start":{"line":246,"column":23},"end":{"line":246,"column":55}}],"line":246},"20":{"loc":{"start":{"line":252,"column":8},"end":{"line":254,"column":9}},"type":"if","locations":[{"start":{"line":252,"column":8},"end":{"line":254,"column":9}},{"start":{},"end":{}}],"line":252},"21":{"loc":{"start":{"line":252,"column":12},"end":{"line":252,"column":73}},"type":"binary-expr","locations":[{"start":{"line":252,"column":12},"end":{"line":252,"column":37}},{"start":{"line":252,"column":41},"end":{"line":252,"column":73}}],"line":252}},"s":{"0":1,"1":1,"2":2,"3":2,"4":2,"5":1,"6":1,"7":1,"8":1,"9":1,"10":0,"11":4,"12":4,"13":4,"14":1,"15":3,"16":3,"17":1,"18":2,"19":1,"20":1,"21":0,"22":2,"23":2,"24":2,"25":0,"26":2,"27":2,"28":2,"29":0,"30":2,"31":1,"32":1,"33":1,"34":1,"35":1,"36":1,"37":1,"38":1,"39":0,"40":2,"41":2,"42":2,"43":1,"44":1,"45":1,"46":0,"47":1,"48":1,"49":1,"50":1,"51":1,"52":1,"53":1,"54":1,"55":1,"56":1,"57":0,"58":0,"59":0,"60":0,"61":0,"62":0,"63":0,"64":0,"65":0,"66":0,"67":0,"68":0,"69":0,"70":0,"71":0,"72":0,"73":0,"74":0,"75":0,"76":0,"77":0,"78":0,"79":0,"80":0,"81":0,"82":0,"83":0,"84":1,"85":1,"86":1,"87":0,"88":1},"f":{"0":2,"1":1,"2":4,"3":2,"4":2,"5":1,"6":0,"7":0,"8":1},"b":{"0":[1,3],"1":[1,2],"2":[1,1],"3":[2,2],"4":[0,2],"5":[0,2],"6":[1,1],"7":[1,0],"8":[1,0],"9":[1,1],"10":[1,0],"11":[1,0],"12":[0,0],"13":[0,0],"14":[0,0],"15":[0,0],"16":[0,0],"17":[0,0],"18":[0,0],"19":[0,0],"20":[0,0],"21":[0,0]},"_coverageSchema":"1a1c01bbd47fc00a2c39e90264f33305004495a9","hash":"a9fbda710feeb963d4bdf56d749ba368b81918b8"}
,"C:\\DENTHA_PUNYA\\Kuliah\\semester_5\\backend_dasar\\fp\\asisstHukum_BE_Fundanmental\\src\\controllers\\consultation.controller.js": {"path":"C:\\DENTHA_PUNYA\\Kuliah\\semester_5\\backend_dasar\\fp\\asisstHukum_BE_Fundanmental\\src\\controllers\\consultation.controller.js","statementMap":{"0":{"start":{"line":1,"column":15},"end":{"line":1,"column":47}},"1":{"start":{"line":2,"column":43},"end":{"line":2,"column":71}},"2":{"start":{"line":5,"column":4},"end":{"line":31,"column":5}},"3":{"start":{"line":6,"column":37},"end":{"line":6,"column":45}},"4":{"start":{"line":8,"column":20},"end":{"line":8,"column":83}},"5":{"start":{"line":10,"column":8},"end":{"line":12,"column":9}},"6":{"start":{"line":11,"column":12},"end":{"line":11,"column":78}},"7":{"start":{"line":14,"column":8},"end":{"line":16,"column":9}},"8":{"start":{"line":15,"column":12},"end":{"line":15,"column":69}},"9":{"start":{"line":18,"column":29},"end":{"line":26,"column":10}},"10":{"start":{"line":28,"column":8},"end":{"line":28,"column":92}},"11":{"start":{"line":30,"column":8},"end":{"line":30,"column":16}},"12":{"start":{"line":35,"column":4},"end":{"line":59,"column":5}},"13":{"start":{"line":36,"column":29},"end":{"line":39,"column":10}},"14":{"start":{"line":41,"column":28},"end":{"line":41,"column":57}},"15":{"start":{"line":41,"column":52},"end":{"line":41,"column":56}},"16":{"start":{"line":43,"column":30},"end":{"line":54,"column":10}},"17":{"start":{"line":56,"column":8},"end":{"line":56,"column":112}},"18":{"start":{"line":58,"column":8},"end":{"line":58,"column":16}},"19":{"start":{"line":63,"column":4},"end":{"line":77,"column":5}},"20":{"start":{"line":64,"column":21},"end":{"line":72,"column":10}},"21":{"start":{"line":74,"column":8},"end":{"line":74,"column":89}},"22":{"start":{"line":76,"column":8},"end":{"line":76,"column":16}},"23":{"start":{"line":81,"column":4},"end":{"line":93,"column":5}},"24":{"start":{"line":82,"column":21},"end":{"line":88,"column":10}},"25":{"start":{"line":90,"column":8},"end":{"line":90,"column":104}},"26":{"start":{"line":92,"column":8},"end":{"line":92,"column":16}},"27":{"start":{"line":97,"column":4},"end":{"line":119,"column":5}},"28":{"start":{"line":98,"column":19},"end":{"line":98,"column":40}},"29":{"start":{"line":99,"column":29},"end":{"line":99,"column":37}},"30":{"start":{"line":101,"column":8},"end":{"line":103,"column":9}},"31":{"start":{"line":102,"column":12},"end":{"line":102,"column":84}},"32":{"start":{"line":105,"column":24},"end":{"line":114,"column":10}},"33":{"start":{"line":116,"column":8},"end":{"line":116,"column":98}},"34":{"start":{"line":118,"column":8},"end":{"line":118,"column":16}},"35":{"start":{"line":123,"column":4},"end":{"line":151,"column":5}},"36":{"start":{"line":124,"column":19},"end":{"line":124,"column":40}},"37":{"start":{"line":125,"column":27},"end":{"line":125,"column":35}},"38":{"start":{"line":127,"column":24},"end":{"line":127,"column":79}},"39":{"start":{"line":129,"column":8},"end":{"line":131,"column":9}},"40":{"start":{"line":130,"column":12},"end":{"line":130,"column":82}},"41":{"start":{"line":133,"column":8},"end":{"line":135,"column":9}},"42":{"start":{"line":134,"column":12},"end":{"line":134,"column":69}},"43":{"start":{"line":137,"column":24},"end":{"line":146,"column":10}},"44":{"start":{"line":148,"column":8},"end":{"line":148,"column":94}},"45":{"start":{"line":150,"column":8},"end":{"line":150,"column":16}},"46":{"start":{"line":155,"column":4},"end":{"line":197,"column":5}},"47":{"start":{"line":156,"column":19},"end":{"line":156,"column":40}},"48":{"start":{"line":157,"column":34},"end":{"line":157,"column":42}},"49":{"start":{"line":159,"column":8},"end":{"line":161,"column":9}},"50":{"start":{"line":160,"column":12},"end":{"line":160,"column":84}},"51":{"start":{"line":163,"column":24},"end":{"line":163,"column":79}},"52":{"start":{"line":165,"column":8},"end":{"line":167,"column":9}},"53":{"start":{"line":166,"column":12},"end":{"line":166,"column":82}},"54":{"start":{"line":169,"column":8},"end":{"line":171,"column":9}},"55":{"start":{"line":170,"column":12},"end":{"line":170,"column":69}},"56":{"start":{"line":173,"column":21},"end":{"line":173,"column":23}},"57":{"start":{"line":175,"column":8},"end":{"line":177,"column":9}},"58":{"start":{"line":176,"column":12},"end":{"line":176,"column":31}},"59":{"start":{"line":179,"column":8},"end":{"line":181,"column":9}},"60":{"start":{"line":180,"column":12},"end":{"line":180,"column":33}},"61":{"start":{"line":183,"column":24},"end":{"line":192,"column":10}},"62":{"start":{"line":194,"column":8},"end":{"line":194,"column":96}},"63":{"start":{"line":196,"column":8},"end":{"line":196,"column":16}},"64":{"start":{"line":201,"column":4},"end":{"line":252,"column":5}},"65":{"start":{"line":202,"column":19},"end":{"line":202,"column":40}},"66":{"start":{"line":204,"column":8},"end":{"line":206,"column":9}},"67":{"start":{"line":205,"column":12},"end":{"line":205,"column":84}},"68":{"start":{"line":208,"column":8},"end":{"line":210,"column":9}},"69":{"start":{"line":209,"column":12},"end":{"line":209,"column":74}},"70":{"start":{"line":212,"column":24},"end":{"line":214,"column":10}},"71":{"start":{"line":216,"column":8},"end":{"line":218,"column":9}},"72":{"start":{"line":217,"column":12},"end":{"line":217,"column":82}},"73":{"start":{"line":220,"column":8},"end":{"line":222,"column":9}},"74":{"start":{"line":221,"column":12},"end":{"line":221,"column":69}},"75":{"start":{"line":224,"column":21},"end":{"line":233,"column":10}},"76":{"start":{"line":235,"column":24},"end":{"line":244,"column":10}},"77":{"start":{"line":246,"column":8},"end":{"line":249,"column":11}},"78":{"start":{"line":251,"column":8},"end":{"line":251,"column":16}},"79":{"start":{"line":255,"column":0},"end":{"line":264,"column":2}}},"fnMap":{"0":{"name":"createConsultation","decl":{"start":{"line":4,"column":15},"end":{"line":4,"column":33}},"loc":{"start":{"line":4,"column":50},"end":{"line":32,"column":1}},"line":4},"1":{"name":"listMyConsultations","decl":{"start":{"line":34,"column":15},"end":{"line":34,"column":34}},"loc":{"start":{"line":34,"column":51},"end":{"line":60,"column":1}},"line":34},"2":{"name":"(anonymous_2)","decl":{"start":{"line":41,"column":45},"end":{"line":41,"column":46}},"loc":{"start":{"line":41,"column":52},"end":{"line":41,"column":56}},"line":41},"3":{"name":"listAllConsultations","decl":{"start":{"line":62,"column":15},"end":{"line":62,"column":35}},"loc":{"start":{"line":62,"column":52},"end":{"line":78,"column":1}},"line":62},"4":{"name":"listLawyerConsultations","decl":{"start":{"line":80,"column":15},"end":{"line":80,"column":38}},"loc":{"start":{"line":80,"column":55},"end":{"line":94,"column":1}},"line":80},"5":{"name":"assignLawyer","decl":{"start":{"line":96,"column":15},"end":{"line":96,"column":27}},"loc":{"start":{"line":96,"column":44},"end":{"line":120,"column":1}},"line":96},"6":{"name":"updateStatus","decl":{"start":{"line":122,"column":15},"end":{"line":122,"column":27}},"loc":{"start":{"line":122,"column":44},"end":{"line":152,"column":1}},"line":122},"7":{"name":"submitResult","decl":{"start":{"line":154,"column":15},"end":{"line":154,"column":27}},"loc":{"start":{"line":154,"column":44},"end":{"line":198,"column":1}},"line":154},"8":{"name":"uploadResultFile","decl":{"start":{"line":200,"column":15},"end":{"line":200,"column":31}},"loc":{"start":{"line":200,"column":48},"end":{"line":253,"column":1}},"line":200}},"branchMap":{"0":{"loc":{"start":{"line":10,"column":8},"end":{"line":12,"column":9}},"type":"if","locations":[{"start":{"line":10,"column":8},"end":{"line":12,"column":9}},{"start":{},"end":{}}],"line":10},"1":{"loc":{"start":{"line":14,"column":8},"end":{"line":16,"column":9}},"type":"if","locations":[{"start":{"line":14,"column":8},"end":{"line":16,"column":9}},{"start":{},"end":{}}],"line":14},"2":{"loc":{"start":{"line":14,"column":12},"end":{"line":14,"column":68}},"type":"binary-expr","locations":[{"start":{"line":14,"column":12},"end":{"line":14,"column":37}},{"start":{"line":14,"column":41},"end":{"line":14,"column":68}}],"line":14},"3":{"loc":{"start":{"line":101,"column":8},"end":{"line":103,"column":9}},"type":"if","locations":[{"start":{"line":101,"column":8},"end":{"line":103,"column":9}},{"start":{},"end":{}}],"line":101},"4":{"loc":{"start":{"line":129,"column":8},"end":{"line":131,"column":9}},"type":"if","locations":[{"start":{"line":129,"column":8},"end":{"line":131,"column":9}},{"start":{},"end":{}}],"line":129},"5":{"loc":{"start":{"line":133,"column":8},"end":{"line":135,"column":9}},"type":"if","locations":[{"start":{"line":133,"column":8},"end":{"line":135,"column":9}},{"start":{},"end":{}}],"line":133},"6":{"loc":{"start":{"line":133,"column":12},"end":{"line":133,"column":74}},"type":"binary-expr","locations":[{"start":{"line":133,"column":12},"end":{"line":133,"column":38}},{"start":{"line":133,"column":42},"end":{"line":133,"column":74}}],"line":133},"7":{"loc":{"start":{"line":159,"column":8},"end":{"line":161,"column":9}},"type":"if","locations":[{"start":{"line":159,"column":8},"end":{"line":161,"column":9}},{"start":{},"end":{}}],"line":159},"8":{"loc":{"start":{"line":165,"column":8},"end":{"line":167,"column":9}},"type":"if","locations":[{"start":{"line":165,"column":8},"end":{"line":167,"column":9}},{"start":{},"end":{}}],"line":165},"9":{"loc":{"start":{"line":169,"column":8},"end":{"line":171,"column":9}},"type":"if","locations":[{"start":{"line":169,"column":8},"end":{"line":171,"column":9}},{"start":{},"end":{}}],"line":169},"10":{"loc":{"start":{"line":169,"column":12},"end":{"line":169,"column":74}},"type":"binary-expr","locations":[{"start":{"line":169,"column":12},"end":{"line":169,"column":38}},{"start":{"line":169,"column":42},"end":{"line":169,"column":74}}],"line":169},"11":{"loc":{"start":{"line":175,"column":8},"end":{"line":177,"column":9}},"type":"if","locations":[{"start":{"line":175,"column":8},"end":{"line":177,"column":9}},{"start":{},"end":{}}],"line":175},"12":{"loc":{"start":{"line":179,"column":8},"end":{"line":181,"column":9}},"type":"if","locations":[{"start":{"line":179,"column":8},"end":{"line":181,"column":9}},{"start":{},"end":{}}],"line":179},"13":{"loc":{"start":{"line":204,"column":8},"end":{"line":206,"column":9}},"type":"if","locations":[{"start":{"line":204,"column":8},"end":{"line":206,"column":9}},{"start":{},"end":{}}],"line":204},"14":{"loc":{"start":{"line":208,"column":8},"end":{"line":210,"column":9}},"type":"if","locations":[{"start":{"line":208,"column":8},"end":{"line":210,"column":9}},{"start":{},"end":{}}],"line":208},"15":{"loc":{"start":{"line":216,"column":8},"end":{"line":218,"column":9}},"type":"if","locations":[{"start":{"line":216,"column":8},"end":{"line":218,"column":9}},{"start":{},"end":{}}],"line":216},"16":{"loc":{"start":{"line":220,"column":8},"end":{"line":222,"column":9}},"type":"if","locations":[{"start":{"line":220,"column":8},"end":{"line":222,"column":9}},{"start":{},"end":{}}],"line":220},"17":{"loc":{"start":{"line":220,"column":12},"end":{"line":220,"column":74}},"type":"binary-expr","locations":[{"start":{"line":220,"column":12},"end":{"line":220,"column":38}},{"start":{"line":220,"column":42},"end":{"line":220,"column":74}}],"line":220}},"s":{"0":1,"1":1,"2":3,"3":3,"4":3,"5":3,"6":1,"7":2,"8":1,"9":1,"10":1,"11":0,"12":1,"13":1,"14":1,"15":2,"16":1,"17":1,"18":0,"19":1,"20":1,"21":1,"22":0,"23":1,"24":1,"25":1,"26":0,"27":2,"28":2,"29":2,"30":2,"31":1,"32":1,"33":1,"34":0,"35":3,"36":3,"37":3,"38":3,"39":3,"40":1,"41":2,"42":1,"43":1,"44":1,"45":0,"46":2,"47":2,"48":2,"49":2,"50":0,"51":2,"52":2,"53":0,"54":2,"55":1,"56":1,"57":1,"58":1,"59":1,"60":1,"61":1,"62":1,"63":0,"64":0,"65":0,"66":0,"67":0,"68":0,"69":0,"70":0,"71":0,"72":0,"73":0,"74":0,"75":0,"76":0,"77":0,"78":0,"79":1},"f":{"0":3,"1":1,"2":2,"3":1,"4":1,"5":2,"6":3,"7":2,"8":0},"b":{"0":[1,2],"1":[1,1],"2":[2,2],"3":[1,1],"4":[1,2],"5":[1,1],"6":[2,2],"7":[0,2],"8":[0,2],"9":[1,1],"10":[2,2],"11":[1,0],"12":[1,0],"13":[0,0],"14":[0,0],"15":[0,0],"16":[0,0],"17":[0,0]},"_coverageSchema":"1a1c01bbd47fc00a2c39e90264f33305004495a9","hash":"89bc3a07a1423a54e54d31707e46f3d93663c88d"}
,"C:\\DENTHA_PUNYA\\Kuliah\\semester_5\\backend_dasar\\fp\\asisstHukum_BE_Fundanmental\\src\\controllers\\file.controller.js": {"path":"C:\\DENTHA_PUNYA\\Kuliah\\semester_5\\backend_dasar\\fp\\asisstHukum_BE_Fundanmental\\src\\controllers\\file.controller.js","statementMap":{"0":{"start":{"line":1,"column":15},"end":{"line":1,"column":47}},"1":{"start":{"line":2,"column":13},"end":{"line":2,"column":28}},"2":{"start":{"line":3,"column":11},"end":{"line":3,"column":24}},"3":{"start":{"line":4,"column":43},"end":{"line":4,"column":71}},"4":{"start":{"line":7,"column":2},"end":{"line":29,"column":3}},"5":{"start":{"line":8,"column":4},"end":{"line":10,"column":5}},"6":{"start":{"line":9,"column":6},"end":{"line":9,"column":68}},"7":{"start":{"line":12,"column":23},"end":{"line":12,"column":75}},"8":{"start":{"line":14,"column":4},"end":{"line":16,"column":5}},"9":{"start":{"line":15,"column":6},"end":{"line":15,"column":73}},"10":{"start":{"line":18,"column":17},"end":{"line":24,"column":6}},"11":{"start":{"line":26,"column":4},"end":{"line":26,"column":73}},"12":{"start":{"line":28,"column":4},"end":{"line":28,"column":16}},"13":{"start":{"line":33,"column":2},"end":{"line":48,"column":3}},"14":{"start":{"line":34,"column":23},"end":{"line":34,"column":52}},"15":{"start":{"line":36,"column":4},"end":{"line":38,"column":5}},"16":{"start":{"line":37,"column":6},"end":{"line":37,"column":73}},"17":{"start":{"line":40,"column":18},"end":{"line":43,"column":6}},"18":{"start":{"line":45,"column":4},"end":{"line":45,"column":74}},"19":{"start":{"line":47,"column":4},"end":{"line":47,"column":16}},"20":{"start":{"line":52,"column":2},"end":{"line":75,"column":3}},"21":{"start":{"line":53,"column":15},"end":{"line":53,"column":36}},"22":{"start":{"line":55,"column":4},"end":{"line":57,"column":5}},"23":{"start":{"line":56,"column":6},"end":{"line":56,"column":70}},"24":{"start":{"line":59,"column":17},"end":{"line":59,"column":64}},"25":{"start":{"line":61,"column":4},"end":{"line":63,"column":5}},"26":{"start":{"line":62,"column":6},"end":{"line":62,"column":68}},"27":{"start":{"line":65,"column":22},"end":{"line":65,"column":59}},"28":{"start":{"line":66,"column":21},"end":{"line":66,"column":51}},"29":{"start":{"line":68,"column":4},"end":{"line":70,"column":5}},"30":{"start":{"line":69,"column":6},"end":{"line":69,"column":83}},"31":{"start":{"line":72,"column":4},"end":{"line":72,"column":42}},"32":{"start":{"line":74,"column":4},"end":{"line":74,"column":16}},"33":{"start":{"line":79,"column":2},"end":{"line":104,"column":3}},"34":{"start":{"line":80,"column":15},"end":{"line":80,"column":36}},"35":{"start":{"line":82,"column":4},"end":{"line":84,"column":5}},"36":{"start":{"line":83,"column":6},"end":{"line":83,"column":70}},"37":{"start":{"line":86,"column":17},"end":{"line":86,"column":64}},"38":{"start":{"line":88,"column":4},"end":{"line":90,"column":5}},"39":{"start":{"line":89,"column":6},"end":{"line":89,"column":68}},"40":{"start":{"line":92,"column":22},"end":{"line":92,"column":59}},"41":{"start":{"line":93,"column":21},"end":{"line":93,"column":51}},"42":{"start":{"line":95,"column":4},"end":{"line":97,"column":5}},"43":{"start":{"line":96,"column":6},"end":{"line":96,"column":30}},"44":{"start":{"line":99,"column":4},"end":{"line":99,"column":48}},"45":{"start":{"line":101,"column":4},"end":{"line":101,"column":66}},"46":{"start":{"line":103,"column":4},"end":{"line":103,"column":16}},"47":{"start":{"line":107,"column":0},"end":{"line":112,"column":2}}},"fnMap":{"0":{"name":"uploadFile","decl":{"start":{"line":6,"column":15},"end":{"line":6,"column":25}},"loc":{"start":{"line":6,"column":42},"end":{"line":30,"column":1}},"line":6},"1":{"name":"getBusinessFiles","decl":{"start":{"line":32,"column":15},"end":{"line":32,"column":31}},"loc":{"start":{"line":32,"column":48},"end":{"line":49,"column":1}},"line":32},"2":{"name":"downloadFile","decl":{"start":{"line":51,"column":15},"end":{"line":51,"column":27}},"loc":{"start":{"line":51,"column":44},"end":{"line":76,"column":1}},"line":51},"3":{"name":"deleteFile","decl":{"start":{"line":78,"column":15},"end":{"line":78,"column":25}},"loc":{"start":{"line":78,"column":42},"end":{"line":105,"column":1}},"line":78}},"branchMap":{"0":{"loc":{"start":{"line":8,"column":4},"end":{"line":10,"column":5}},"type":"if","locations":[{"start":{"line":8,"column":4},"end":{"line":10,"column":5}},{"start":{},"end":{}}],"line":8},"1":{"loc":{"start":{"line":12,"column":30},"end":{"line":12,"column":74}},"type":"binary-expr","locations":[{"start":{"line":12,"column":30},"end":{"line":12,"column":51}},{"start":{"line":12,"column":55},"end":{"line":12,"column":74}}],"line":12},"2":{"loc":{"start":{"line":14,"column":4},"end":{"line":16,"column":5}},"type":"if","locations":[{"start":{"line":14,"column":4},"end":{"line":16,"column":5}},{"start":{},"end":{}}],"line":14},"3":{"loc":{"start":{"line":36,"column":4},"end":{"line":38,"column":5}},"type":"if","locations":[{"start":{"line":36,"column":4},"end":{"line":38,"column":5}},{"start":{},"end":{}}],"line":36},"4":{"loc":{"start":{"line":55,"column":4},"end":{"line":57,"column":5}},"type":"if","locations":[{"start":{"line":55,"column":4},"end":{"line":57,"column":5}},{"start":{},"end":{}}],"line":55},"5":{"loc":{"start":{"line":61,"column":4},"end":{"line":63,"column":5}},"type":"if","locations":[{"start":{"line":61,"column":4},"end":{"line":63,"column":5}},{"start":{},"end":{}}],"line":61},"6":{"loc":{"start":{"line":65,"column":22},"end":{"line":65,"column":59}},"type":"binary-expr","locations":[{"start":{"line":65,"column":22},"end":{"line":65,"column":44}},{"start":{"line":65,"column":48},"end":{"line":65,"column":59}}],"line":65},"7":{"loc":{"start":{"line":68,"column":4},"end":{"line":70,"column":5}},"type":"if","locations":[{"start":{"line":68,"column":4},"end":{"line":70,"column":5}},{"start":{},"end":{}}],"line":68},"8":{"loc":{"start":{"line":82,"column":4},"end":{"line":84,"column":5}},"type":"if","locations":[{"start":{"line":82,"column":4},"end":{"line":84,"column":5}},{"start":{},"end":{}}],"line":82},"9":{"loc":{"start":{"line":88,"column":4},"end":{"line":90,"column":5}},"type":"if","locations":[{"start":{"line":88,"column":4},"end":{"line":90,"column":5}},{"start":{},"end":{}}],"line":88},"10":{"loc":{"start":{"line":92,"column":22},"end":{"line":92,"column":59}},"type":"binary-expr","locations":[{"start":{"line":92,"column":22},"end":{"line":92,"column":44}},{"start":{"line":92,"column":48},"end":{"line":92,"column":59}}],"line":92},"11":{"loc":{"start":{"line":95,"column":4},"end":{"line":97,"column":5}},"type":"if","locations":[{"start":{"line":95,"column":4},"end":{"line":97,"column":5}},{"start":{},"end":{}}],"line":95}},"s":{"0":1,"1":1,"2":1,"3":1,"4":3,"5":3,"6":1,"7":2,"8":2,"9":1,"10":1,"11":1,"12":0,"13":2,"14":2,"15":2,"16":1,"17":1,"18":1,"19":0,"20":4,"21":4,"22":4,"23":1,"24":3,"25":3,"26":1,"27":2,"28":2,"29":2,"30":1,"31":1,"32":0,"33":4,"34":4,"35":4,"36":1,"37":3,"38":3,"39":1,"40":2,"41":2,"42":2,"43":1,"44":2,"45":2,"46":0,"47":1},"f":{"0":3,"1":2,"2":4,"3":4},"b":{"0":[1,2],"1":[2,0],"2":[1,1],"3":[1,1],"4":[1,3],"5":[1,2],"6":[2,2],"7":[1,1],"8":[1,3],"9":[1,2],"10":[2,2],"11":[1,1]},"_coverageSchema":"1a1c01bbd47fc00a2c39e90264f33305004495a9","hash":"2fb3e01c248d70f4ea8587ba98f679aa2ffc79d9"}
,"C:\\DENTHA_PUNYA\\Kuliah\\semester_5\\backend_dasar\\fp\\asisstHukum_BE_Fundanmental\\src\\middleware\\auth.js": {"path":"C:\\DENTHA_PUNYA\\Kuliah\\semester_5\\backend_dasar\\fp\\asisstHukum_BE_Fundanmental\\src\\middleware\\auth.js","statementMap":{"0":{"start":{"line":1,"column":12},"end":{"line":1,"column":35}},"1":{"start":{"line":2,"column":26},"end":{"line":2,"column":54}},"2":{"start":{"line":5,"column":21},"end":{"line":5,"column":75}},"3":{"start":{"line":7,"column":2},"end":{"line":9,"column":3}},"4":{"start":{"line":8,"column":4},"end":{"line":8,"column":68}},"5":{"start":{"line":11,"column":16},"end":{"line":11,"column":40}},"6":{"start":{"line":13,"column":2},"end":{"line":25,"column":3}},"7":{"start":{"line":14,"column":20},"end":{"line":14,"column":61}},"8":{"start":{"line":15,"column":4},"end":{"line":15,"column":23}},"9":{"start":{"line":16,"column":4},"end":{"line":16,"column":11}},"10":{"start":{"line":18,"column":4},"end":{"line":20,"column":5}},"11":{"start":{"line":19,"column":6},"end":{"line":19,"column":75}},"12":{"start":{"line":21,"column":4},"end":{"line":23,"column":5}},"13":{"start":{"line":22,"column":6},"end":{"line":22,"column":71}},"14":{"start":{"line":24,"column":4},"end":{"line":24,"column":75}},"15":{"start":{"line":29,"column":2},"end":{"line":44,"column":4}},"16":{"start":{"line":30,"column":4},"end":{"line":32,"column":5}},"17":{"start":{"line":31,"column":6},"end":{"line":31,"column":69}},"18":{"start":{"line":34,"column":18},"end":{"line":34,"column":77}},"19":{"start":{"line":36,"column":21},"end":{"line":36,"column":48}},"20":{"start":{"line":37,"column":28},"end":{"line":37,"column":65}},"21":{"start":{"line":37,"column":46},"end":{"line":37,"column":64}},"22":{"start":{"line":39,"column":4},"end":{"line":41,"column":5}},"23":{"start":{"line":40,"column":6},"end":{"line":40,"column":78}},"24":{"start":{"line":43,"column":4},"end":{"line":43,"column":11}},"25":{"start":{"line":47,"column":0},"end":{"line":50,"column":2}}},"fnMap":{"0":{"name":"authenticate","decl":{"start":{"line":4,"column":9},"end":{"line":4,"column":21}},"loc":{"start":{"line":4,"column":38},"end":{"line":26,"column":1}},"line":4},"1":{"name":"authorizeRole","decl":{"start":{"line":28,"column":9},"end":{"line":28,"column":22}},"loc":{"start":{"line":28,"column":37},"end":{"line":45,"column":1}},"line":28},"2":{"name":"(anonymous_2)","decl":{"start":{"line":29,"column":9},"end":{"line":29,"column":10}},"loc":{"start":{"line":29,"column":29},"end":{"line":44,"column":3}},"line":29},"3":{"name":"(anonymous_3)","decl":{"start":{"line":37,"column":38},"end":{"line":37,"column":39}},"loc":{"start":{"line":37,"column":46},"end":{"line":37,"column":64}},"line":37}},"branchMap":{"0":{"loc":{"start":{"line":5,"column":21},"end":{"line":5,"column":75}},"type":"binary-expr","locations":[{"start":{"line":5,"column":21},"end":{"line":5,"column":46}},{"start":{"line":5,"column":50},"end":{"line":5,"column":75}}],"line":5},"1":{"loc":{"start":{"line":7,"column":2},"end":{"line":9,"column":3}},"type":"if","locations":[{"start":{"line":7,"column":2},"end":{"line":9,"column":3}},{"start":{},"end":{}}],"line":7},"2":{"loc":{"start":{"line":18,"column":4},"end":{"line":20,"column":5}},"type":"if","locations":[{"start":{"line":18,"column":4},"end":{"line":20,"column":5}},{"start":{},"end":{}}],"line":18},"3":{"loc":{"start":{"line":21,"column":4},"end":{"line":23,"column":5}},"type":"if","locations":[{"start":{"line":21,"column":4},"end":{"line":23,"column":5}},{"start":{},"end":{}}],"line":21},"4":{"loc":{"start":{"line":30,"column":4},"end":{"line":32,"column":5}},"type":"if","locations":[{"start":{"line":30,"column":4},"end":{"line":32,"column":5}},{"start":{},"end":{}}],"line":30},"5":{"loc":{"start":{"line":34,"column":18},"end":{"line":34,"column":77}},"type":"cond-expr","locations":[{"start":{"line":34,"column":48},"end":{"line":34,"column":60}},{"start":{"line":34,"column":63},"end":{"line":34,"column":77}}],"line":34},"6":{"loc":{"start":{"line":39,"column":4},"end":{"line":41,"column":5}},"type":"if","locations":[{"start":{"line":39,"column":4},"end":{"line":41,"column":5}},{"start":{},"end":{}}],"line":39}},"s":{"0":0,"1":0,"2":0,"3":0,"4":0,"5":0,"6":0,"7":0,"8":0,"9":0,"10":0,"11":0,"12":0,"13":0,"14":0,"15":0,"16":0,"17":0,"18":0,"19":0,"20":0,"21":0,"22":0,"23":0,"24":0,"25":0},"f":{"0":0,"1":0,"2":0,"3":0},"b":{"0":[0,0],"1":[0,0],"2":[0,0],"3":[0,0],"4":[0,0],"5":[0,0],"6":[0,0]}}
,"C:\\DENTHA_PUNYA\\Kuliah\\semester_5\\backend_dasar\\fp\\asisstHukum_BE_Fundanmental\\src\\middleware\\errorHandler.js": {"path":"C:\\DENTHA_PUNYA\\Kuliah\\semester_5\\backend_dasar\\fp\\asisstHukum_BE_Fundanmental\\src\\middleware\\errorHandler.js","statementMap":{"0":{"start":{"line":1,"column":26},"end":{"line":1,"column":54}},"1":{"start":{"line":2,"column":21},"end":{"line":2,"column":47}},"2":{"start":{"line":5,"column":2},"end":{"line":13,"column":3}},"3":{"start":{"line":6,"column":4},"end":{"line":12,"column":7}},"4":{"start":{"line":15,"column":2},"end":{"line":17,"column":3}},"5":{"start":{"line":16,"column":4},"end":{"line":16,"column":74}},"6":{"start":{"line":19,"column":2},"end":{"line":21,"column":3}},"7":{"start":{"line":20,"column":4},"end":{"line":20,"column":79}},"8":{"start":{"line":23,"column":2},"end":{"line":25,"column":3}},"9":{"start":{"line":24,"column":4},"end":{"line":24,"column":73}},"10":{"start":{"line":27,"column":2},"end":{"line":31,"column":3}},"11":{"start":{"line":28,"column":23},"end":{"line":28,"column":51}},"12":{"start":{"line":29,"column":22},"end":{"line":29,"column":63}},"13":{"start":{"line":30,"column":4},"end":{"line":30,"column":89}},"14":{"start":{"line":33,"column":2},"end":{"line":35,"column":3}},"15":{"start":{"line":34,"column":4},"end":{"line":34,"column":39}},"16":{"start":{"line":37,"column":2},"end":{"line":39,"column":3}},"17":{"start":{"line":38,"column":4},"end":{"line":38,"column":39}},"18":{"start":{"line":41,"column":2},"end":{"line":43,"column":3}},"19":{"start":{"line":42,"column":4},"end":{"line":42,"column":75}},"20":{"start":{"line":45,"column":2},"end":{"line":47,"column":3}},"21":{"start":{"line":46,"column":4},"end":{"line":46,"column":76}},"22":{"start":{"line":49,"column":2},"end":{"line":51,"column":4}},"23":{"start":{"line":55,"column":23},"end":{"line":89,"column":3}},"24":{"start":{"line":91,"column":20},"end":{"line":95,"column":3}},"25":{"start":{"line":97,"column":2},"end":{"line":97,"column":81}},"26":{"start":{"line":101,"column":23},"end":{"line":109,"column":3}},"27":{"start":{"line":111,"column":20},"end":{"line":114,"column":3}},"28":{"start":{"line":116,"column":2},"end":{"line":116,"column":68}},"29":{"start":{"line":120,"column":16},"end":{"line":129,"column":3}},"30":{"start":{"line":130,"column":2},"end":{"line":130,"column":46}},"31":{"start":{"line":133,"column":0},"end":{"line":133,"column":30}}},"fnMap":{"0":{"name":"errorHandler","decl":{"start":{"line":4,"column":9},"end":{"line":4,"column":21}},"loc":{"start":{"line":4,"column":43},"end":{"line":52,"column":1}},"line":4},"1":{"name":"handlePrismaError","decl":{"start":{"line":54,"column":9},"end":{"line":54,"column":26}},"loc":{"start":{"line":54,"column":37},"end":{"line":98,"column":1}},"line":54},"2":{"name":"handleMulterError","decl":{"start":{"line":100,"column":9},"end":{"line":100,"column":26}},"loc":{"start":{"line":100,"column":37},"end":{"line":117,"column":1}},"line":100},"3":{"name":"getErrorCode","decl":{"start":{"line":119,"column":9},"end":{"line":119,"column":21}},"loc":{"start":{"line":119,"column":34},"end":{"line":131,"column":1}},"line":119}},"branchMap":{"0":{"loc":{"start":{"line":5,"column":2},"end":{"line":13,"column":3}},"type":"if","locations":[{"start":{"line":5,"column":2},"end":{"line":13,"column":3}},{"start":{},"end":{}}],"line":5},"1":{"loc":{"start":{"line":15,"column":2},"end":{"line":17,"column":3}},"type":"if","locations":[{"start":{"line":15,"column":2},"end":{"line":17,"column":3}},{"start":{},"end":{}}],"line":15},"2":{"loc":{"start":{"line":19,"column":2},"end":{"line":21,"column":3}},"type":"if","locations":[{"start":{"line":19,"column":2},"end":{"line":21,"column":3}},{"start":{},"end":{}}],"line":19},"3":{"loc":{"start":{"line":19,"column":6},"end":{"line":19,"column":74}},"type":"binary-expr","locations":[{"start":{"line":19,"column":6},"end":{"line":19,"column":38}},{"start":{"line":19,"column":42},"end":{"line":19,"column":74}}],"line":19},"4":{"loc":{"start":{"line":23,"column":2},"end":{"line":25,"column":3}},"type":"if","locations":[{"start":{"line":23,"column":2},"end":{"line":25,"column":3}},{"start":{},"end":{}}],"line":23},"5":{"loc":{"start":{"line":27,"column":2},"end":{"line":31,"column":3}},"type":"if","locations":[{"start":{"line":27,"column":2},"end":{"line":31,"column":3}},{"start":{},"end":{}}],"line":27},"6":{"loc":{"start":{"line":27,"column":6},"end":{"line":27,"column":34}},"type":"binary-expr","locations":[{"start":{"line":27,"column":6},"end":{"line":27,"column":16}},{"start":{"line":27,"column":20},"end":{"line":27,"column":34}}],"line":27},"7":{"loc":{"start":{"line":28,"column":23},"end":{"line":28,"column":51}},"type":"binary-expr","locations":[{"start":{"line":28,"column":23},"end":{"line":28,"column":33}},{"start":{"line":28,"column":37},"end":{"line":28,"column":51}}],"line":28},"8":{"loc":{"start":{"line":29,"column":22},"end":{"line":29,"column":63}},"type":"binary-expr","locations":[{"start":{"line":29,"column":22},"end":{"line":29,"column":35}},{"start":{"line":29,"column":39},"end":{"line":29,"column":63}}],"line":29},"9":{"loc":{"start":{"line":30,"column":42},"end":{"line":30,"column":76}},"type":"binary-expr","locations":[{"start":{"line":30,"column":42},"end":{"line":30,"column":53}},{"start":{"line":30,"column":57},"end":{"line":30,"column":76}}],"line":30},"10":{"loc":{"start":{"line":33,"column":2},"end":{"line":35,"column":3}},"type":"if","locations":[{"start":{"line":33,"column":2},"end":{"line":35,"column":3}},{"start":{},"end":{}}],"line":33},"11":{"loc":{"start":{"line":33,"column":6},"end":{"line":33,"column":42}},"type":"binary-expr","locations":[{"start":{"line":33,"column":6},"end":{"line":33,"column":14}},{"start":{"line":33,"column":18},"end":{"line":33,"column":42}}],"line":33},"12":{"loc":{"start":{"line":37,"column":2},"end":{"line":39,"column":3}},"type":"if","locations":[{"start":{"line":37,"column":2},"end":{"line":39,"column":3}},{"start":{},"end":{}}],"line":37},"13":{"loc":{"start":{"line":41,"column":2},"end":{"line":43,"column":3}},"type":"if","locations":[{"start":{"line":41,"column":2},"end":{"line":43,"column":3}},{"start":{},"end":{}}],"line":41},"14":{"loc":{"start":{"line":45,"column":2},"end":{"line":47,"column":3}},"type":"if","locations":[{"start":{"line":45,"column":2},"end":{"line":47,"column":3}},{"start":{},"end":{}}],"line":45},"15":{"loc":{"start":{"line":45,"column":6},"end":{"line":45,"column":58}},"type":"binary-expr","locations":[{"start":{"line":45,"column":6},"end":{"line":45,"column":30}},{"start":{"line":45,"column":34},"end":{"line":45,"column":58}}],"line":45},"16":{"loc":{"start":{"line":50,"column":4},"end":{"line":50,"column":68}},"type":"cond-expr","locations":[{"start":{"line":50,"column":45},"end":{"line":50,"column":56}},{"start":{"line":50,"column":59},"end":{"line":50,"column":68}}],"line":50},"17":{"loc":{"start":{"line":91,"column":20},"end":{"line":95,"column":3}},"type":"binary-expr","locations":[{"start":{"line":91,"column":20},"end":{"line":91,"column":42}},{"start":{"line":91,"column":46},"end":{"line":95,"column":3}}],"line":91},"18":{"loc":{"start":{"line":111,"column":20},"end":{"line":114,"column":3}},"type":"binary-expr","locations":[{"start":{"line":111,"column":20},"end":{"line":111,"column":42}},{"start":{"line":111,"column":46},"end":{"line":114,"column":3}}],"line":111},"19":{"loc":{"start":{"line":130,"column":9},"end":{"line":130,"column":45}},"type":"binary-expr","locations":[{"start":{"line":130,"column":9},"end":{"line":130,"column":26}},{"start":{"line":130,"column":30},"end":{"line":130,"column":45}}],"line":130}},"s":{"0":0,"1":0,"2":0,"3":0,"4":0,"5":0,"6":0,"7":0,"8":0,"9":0,"10":0,"11":0,"12":0,"13":0,"14":0,"15":0,"16":0,"17":0,"18":0,"19":0,"20":0,"21":0,"22":0,"23":0,"24":0,"25":0,"26":0,"27":0,"28":0,"29":0,"30":0,"31":0},"f":{"0":0,"1":0,"2":0,"3":0},"b":{"0":[0,0],"1":[0,0],"2":[0,0],"3":[0,0],"4":[0,0],"5":[0,0],"6":[0,0],"7":[0,0],"8":[0,0],"9":[0,0],"10":[0,0],"11":[0,0],"12":[0,0],"13":[0,0],"14":[0,0],"15":[0,0],"16":[0,0],"17":[0,0],"18":[0,0],"19":[0,0]}}
,"C:\\DENTHA_PUNYA\\Kuliah\\semester_5\\backend_dasar\\fp\\asisstHukum_BE_Fundanmental\\src\\middleware\\sanitize.js": {"path":"C:\\DENTHA_PUNYA\\Kuliah\\semester_5\\backend_dasar\\fp\\asisstHukum_BE_Fundanmental\\src\\middleware\\sanitize.js","statementMap":{"0":{"start":{"line":1,"column":22},"end":{"line":1,"column":55}},"1":{"start":{"line":4,"column":2},"end":{"line":6,"column":3}},"2":{"start":{"line":5,"column":4},"end":{"line":5,"column":15}},"3":{"start":{"line":8,"column":2},"end":{"line":10,"column":3}},"4":{"start":{"line":9,"column":4},"end":{"line":9,"column":48}},"5":{"start":{"line":9,"column":27},"end":{"line":9,"column":46}},"6":{"start":{"line":12,"column":20},"end":{"line":12,"column":22}},"7":{"start":{"line":13,"column":2},"end":{"line":28,"column":3}},"8":{"start":{"line":14,"column":4},"end":{"line":27,"column":5}},"9":{"start":{"line":15,"column":20},"end":{"line":15,"column":28}},"10":{"start":{"line":16,"column":6},"end":{"line":26,"column":7}},"11":{"start":{"line":17,"column":8},"end":{"line":21,"column":18}},"12":{"start":{"line":22,"column":13},"end":{"line":26,"column":7}},"13":{"start":{"line":23,"column":8},"end":{"line":23,"column":46}},"14":{"start":{"line":25,"column":8},"end":{"line":25,"column":31}},"15":{"start":{"line":29,"column":2},"end":{"line":29,"column":19}},"16":{"start":{"line":33,"column":2},"end":{"line":35,"column":3}},"17":{"start":{"line":34,"column":4},"end":{"line":34,"column":39}},"18":{"start":{"line":36,"column":2},"end":{"line":38,"column":3}},"19":{"start":{"line":37,"column":4},"end":{"line":37,"column":41}},"20":{"start":{"line":39,"column":2},"end":{"line":41,"column":3}},"21":{"start":{"line":40,"column":4},"end":{"line":40,"column":43}},"22":{"start":{"line":42,"column":2},"end":{"line":42,"column":9}},"23":{"start":{"line":45,"column":0},"end":{"line":48,"column":2}}},"fnMap":{"0":{"name":"sanitizeInput","decl":{"start":{"line":3,"column":9},"end":{"line":3,"column":22}},"loc":{"start":{"line":3,"column":28},"end":{"line":30,"column":1}},"line":3},"1":{"name":"(anonymous_1)","decl":{"start":{"line":9,"column":19},"end":{"line":9,"column":20}},"loc":{"start":{"line":9,"column":27},"end":{"line":9,"column":46}},"line":9},"2":{"name":"sanitizeMiddleware","decl":{"start":{"line":32,"column":9},"end":{"line":32,"column":27}},"loc":{"start":{"line":32,"column":44},"end":{"line":43,"column":1}},"line":32}},"branchMap":{"0":{"loc":{"start":{"line":4,"column":2},"end":{"line":6,"column":3}},"type":"if","locations":[{"start":{"line":4,"column":2},"end":{"line":6,"column":3}},{"start":{},"end":{}}],"line":4},"1":{"loc":{"start":{"line":4,"column":6},"end":{"line":4,"column":45}},"type":"binary-expr","locations":[{"start":{"line":4,"column":6},"end":{"line":4,"column":29}},{"start":{"line":4,"column":33},"end":{"line":4,"column":45}}],"line":4},"2":{"loc":{"start":{"line":8,"column":2},"end":{"line":10,"column":3}},"type":"if","locations":[{"start":{"line":8,"column":2},"end":{"line":10,"column":3}},{"start":{},"end":{}}],"line":8},"3":{"loc":{"start":{"line":14,"column":4},"end":{"line":27,"column":5}},"type":"if","locations":[{"start":{"line":14,"column":4},"end":{"line":27,"column":5}},{"start":{},"end":{}}],"line":14},"4":{"loc":{"start":{"line":16,"column":6},"end":{"line":26,"column":7}},"type":"if","locations":[{"start":{"line":16,"column":6},"end":{"line":26,"column":7}},{"start":{"line":22,"column":13},"end":{"line":26,"column":7}}],"line":16},"5":{"loc":{"start":{"line":22,"column":13},"end":{"line":26,"column":7}},"type":"if","locations":[{"start":{"line":22,"column":13},"end":{"line":26,"column":7}},{"start":{"line":24,"column":13},"end":{"line":26,"column":7}}],"line":22},"6":{"loc":{"start":{"line":22,"column":17},"end":{"line":22,"column":60}},"type":"binary-expr","locations":[{"start":{"line":22,"column":17},"end":{"line":22,"column":42}},{"start":{"line":22,"column":46},"end":{"line":22,"column":60}}],"line":22},"7":{"loc":{"start":{"line":33,"column":2},"end":{"line":35,"column":3}},"type":"if","locations":[{"start":{"line":33,"column":2},"end":{"line":35,"column":3}},{"start":{},"end":{}}],"line":33},"8":{"loc":{"start":{"line":33,"column":6},"end":{"line":33,"column":46}},"type":"binary-expr","locations":[{"start":{"line":33,"column":6},"end":{"line":33,"column":14}},{"start":{"line":33,"column":18},"end":{"line":33,"column":46}}],"line":33},"9":{"loc":{"start":{"line":36,"column":2},"end":{"line":38,"column":3}},"type":"if","locations":[{"start":{"line":36,"column":2},"end":{"line":38,"column":3}},{"start":{},"end":{}}],"line":36},"10":{"loc":{"start":{"line":36,"column":6},"end":{"line":36,"column":48}},"type":"binary-expr","locations":[{"start":{"line":36,"column":6},"end":{"line":36,"column":15}},{"start":{"line":36,"column":19},"end":{"line":36,"column":48}}],"line":36},"11":{"loc":{"start":{"line":39,"column":2},"end":{"line":41,"column":3}},"type":"if","locations":[{"start":{"line":39,"column":2},"end":{"line":41,"column":3}},{"start":{},"end":{}}],"line":39},"12":{"loc":{"start":{"line":39,"column":6},"end":{"line":39,"column":50}},"type":"binary-expr","locations":[{"start":{"line":39,"column":6},"end":{"line":39,"column":16}},{"start":{"line":39,"column":20},"end":{"line":39,"column":50}}],"line":39}},"s":{"0":0,"1":0,"2":0,"3":0,"4":0,"5":0,"6":0,"7":0,"8":0,"9":0,"10":0,"11":0,"12":0,"13":0,"14":0,"15":0,"16":0,"17":0,"18":0,"19":0,"20":0,"21":0,"22":0,"23":0},"f":{"0":0,"1":0,"2":0},"b":{"0":[0,0],"1":[0,0],"2":[0,0],"3":[0,0],"4":[0,0],"5":[0,0],"6":[0,0],"7":[0,0],"8":[0,0],"9":[0,0],"10":[0,0],"11":[0,0],"12":[0,0]}}
,"C:\\DENTHA_PUNYA\\Kuliah\\semester_5\\backend_dasar\\fp\\asisstHukum_BE_Fundanmental\\src\\middleware\\upload.js": {"path":"C:\\DENTHA_PUNYA\\Kuliah\\semester_5\\backend_dasar\\fp\\asisstHukum_BE_Fundanmental\\src\\middleware\\upload.js","statementMap":{"0":{"start":{"line":5,"column":18},"end":{"line":5,"column":33}},"1":{"start":{"line":6,"column":0},"end":{"line":6,"column":55}},"2":{"start":{"line":6,"column":31},"end":{"line":6,"column":55}},"3":{"start":{"line":8,"column":16},"end":{"line":16,"column":2}},"4":{"start":{"line":10,"column":4},"end":{"line":10,"column":24}},"5":{"start":{"line":13,"column":19},"end":{"line":13,"column":69}},"6":{"start":{"line":14,"column":4},"end":{"line":14,"column":55}},"7":{"start":{"line":18,"column":22},"end":{"line":18,"column":41}}},"fnMap":{"0":{"name":"(anonymous_0)","decl":{"start":{"line":9,"column":15},"end":{"line":9,"column":16}},"loc":{"start":{"line":9,"column":34},"end":{"line":11,"column":3}},"line":9},"1":{"name":"(anonymous_1)","decl":{"start":{"line":12,"column":12},"end":{"line":12,"column":13}},"loc":{"start":{"line":12,"column":31},"end":{"line":15,"column":3}},"line":12}},"branchMap":{"0":{"loc":{"start":{"line":6,"column":0},"end":{"line":6,"column":55}},"type":"if","locations":[{"start":{"line":6,"column":0},"end":{"line":6,"column":55}},{"start":{},"end":{}}],"line":6}},"s":{"0":0,"1":0,"2":0,"3":0,"4":0,"5":0,"6":0,"7":0},"f":{"0":0,"1":0},"b":{"0":[0,0]}}
,"C:\\DENTHA_PUNYA\\Kuliah\\semester_5\\backend_dasar\\fp\\asisstHukum_BE_Fundanmental\\src\\middleware\\validate.js": {"path":"C:\\DENTHA_PUNYA\\Kuliah\\semester_5\\backend_dasar\\fp\\asisstHukum_BE_Fundanmental\\src\\middleware\\validate.js","statementMap":{"0":{"start":{"line":1,"column":21},"end":{"line":1,"column":35}},"1":{"start":{"line":2,"column":36},"end":{"line":2,"column":64}},"2":{"start":{"line":5,"column":2},"end":{"line":17,"column":4}},"3":{"start":{"line":6,"column":4},"end":{"line":16,"column":5}},"4":{"start":{"line":7,"column":21},"end":{"line":7,"column":43}},"5":{"start":{"line":8,"column":6},"end":{"line":8,"column":24}},"6":{"start":{"line":9,"column":6},"end":{"line":9,"column":13}},"7":{"start":{"line":11,"column":6},"end":{"line":13,"column":7}},"8":{"start":{"line":12,"column":8},"end":{"line":12,"column":56}},"9":{"start":{"line":15,"column":6},"end":{"line":15,"column":16}},"10":{"start":{"line":20,"column":0},"end":{"line":20,"column":30}}},"fnMap":{"0":{"name":"validate","decl":{"start":{"line":4,"column":9},"end":{"line":4,"column":17}},"loc":{"start":{"line":4,"column":26},"end":{"line":18,"column":1}},"line":4},"1":{"name":"(anonymous_1)","decl":{"start":{"line":5,"column":9},"end":{"line":5,"column":10}},"loc":{"start":{"line":5,"column":29},"end":{"line":17,"column":3}},"line":5}},"branchMap":{"0":{"loc":{"start":{"line":11,"column":6},"end":{"line":13,"column":7}},"type":"if","locations":[{"start":{"line":11,"column":6},"end":{"line":13,"column":7}},{"start":{},"end":{}}],"line":11}},"s":{"0":0,"1":0,"2":0,"3":0,"4":0,"5":0,"6":0,"7":0,"8":0,"9":0,"10":0},"f":{"0":0,"1":0},"b":{"0":[0,0]}}
,"C:\\DENTHA_PUNYA\\Kuliah\\semester_5\\backend_dasar\\fp\\asisstHukum_BE_Fundanmental\\src\\routes\\admin.route.js": {"path":"C:\\DENTHA_PUNYA\\Kuliah\\semester_5\\backend_dasar\\fp\\asisstHukum_BE_Fundanmental\\src\\routes\\admin.route.js","statementMap":{"0":{"start":{"line":1,"column":16},"end":{"line":1,"column":34}},"1":{"start":{"line":2,"column":15},"end":{"line":2,"column":31}},"2":{"start":{"line":3,"column":31},"end":{"line":3,"column":73}},"3":{"start":{"line":4,"column":40},"end":{"line":4,"column":69}},"4":{"start":{"line":6,"column":0},"end":{"line":11,"column":2}},"5":{"start":{"line":13,"column":0},"end":{"line":13,"column":24}}},"fnMap":{},"branchMap":{},"s":{"0":0,"1":0,"2":0,"3":0,"4":0,"5":0},"f":{},"b":{}}
,"C:\\DENTHA_PUNYA\\Kuliah\\semester_5\\backend_dasar\\fp\\asisstHukum_BE_Fundanmental\\src\\routes\\auth.route.js": {"path":"C:\\DENTHA_PUNYA\\Kuliah\\semester_5\\backend_dasar\\fp\\asisstHukum_BE_Fundanmental\\src\\routes\\auth.route.js","statementMap":{"0":{"start":{"line":1,"column":16},"end":{"line":1,"column":34}},"1":{"start":{"line":2,"column":15},"end":{"line":2,"column":31}},"2":{"start":{"line":4,"column":17},"end":{"line":4,"column":58}},"3":{"start":{"line":5,"column":21},"end":{"line":5,"column":54}},"4":{"start":{"line":6,"column":40},"end":{"line":6,"column":71}},"5":{"start":{"line":9,"column":0},"end":{"line":9,"column":70}},"6":{"start":{"line":12,"column":0},"end":{"line":12,"column":61}},"7":{"start":{"line":14,"column":0},"end":{"line":14,"column":24}}},"fnMap":{},"branchMap":{},"s":{"0":0,"1":0,"2":0,"3":0,"4":0,"5":0,"6":0,"7":0},"f":{},"b":{}}
,"C:\\DENTHA_PUNYA\\Kuliah\\semester_5\\backend_dasar\\fp\\asisstHukum_BE_Fundanmental\\src\\routes\\business.route.js": {"path":"C:\\DENTHA_PUNYA\\Kuliah\\semester_5\\backend_dasar\\fp\\asisstHukum_BE_Fundanmental\\src\\routes\\business.route.js","statementMap":{"0":{"start":{"line":1,"column":16},"end":{"line":1,"column":34}},"1":{"start":{"line":2,"column":15},"end":{"line":2,"column":31}},"2":{"start":{"line":4,"column":21},"end":{"line":4,"column":66}},"3":{"start":{"line":5,"column":40},"end":{"line":5,"column":69}},"4":{"start":{"line":6,"column":21},"end":{"line":6,"column":54}},"5":{"start":{"line":11,"column":4},"end":{"line":11,"column":35}},"6":{"start":{"line":12,"column":19},"end":{"line":12,"column":49}},"7":{"start":{"line":15,"column":0},"end":{"line":20,"column":2}},"8":{"start":{"line":23,"column":0},"end":{"line":28,"column":2}},"9":{"start":{"line":31,"column":0},"end":{"line":37,"column":2}},"10":{"start":{"line":40,"column":0},"end":{"line":45,"column":2}},"11":{"start":{"line":48,"column":0},"end":{"line":54,"column":2}},"12":{"start":{"line":57,"column":0},"end":{"line":62,"column":2}},"13":{"start":{"line":65,"column":0},"end":{"line":71,"column":2}},"14":{"start":{"line":74,"column":0},"end":{"line":80,"column":2}},"15":{"start":{"line":83,"column":0},"end":{"line":88,"column":2}},"16":{"start":{"line":90,"column":0},"end":{"line":90,"column":24}}},"fnMap":{},"branchMap":{},"s":{"0":0,"1":0,"2":0,"3":0,"4":0,"5":0,"6":0,"7":0,"8":0,"9":0,"10":0,"11":0,"12":0,"13":0,"14":0,"15":0,"16":0},"f":{},"b":{}}
,"C:\\DENTHA_PUNYA\\Kuliah\\semester_5\\backend_dasar\\fp\\asisstHukum_BE_Fundanmental\\src\\routes\\consultation.route.js": {"path":"C:\\DENTHA_PUNYA\\Kuliah\\semester_5\\backend_dasar\\fp\\asisstHukum_BE_Fundanmental\\src\\routes\\consultation.route.js","statementMap":{"0":{"start":{"line":1,"column":16},"end":{"line":1,"column":34}},"1":{"start":{"line":2,"column":15},"end":{"line":2,"column":31}},"2":{"start":{"line":4,"column":20},"end":{"line":4,"column":69}},"3":{"start":{"line":5,"column":40},"end":{"line":5,"column":69}},"4":{"start":{"line":6,"column":21},"end":{"line":6,"column":54}},"5":{"start":{"line":12,"column":4},"end":{"line":12,"column":35}},"6":{"start":{"line":13,"column":19},"end":{"line":13,"column":49}},"7":{"start":{"line":15,"column":0},"end":{"line":21,"column":2}},"8":{"start":{"line":23,"column":0},"end":{"line":28,"column":2}},"9":{"start":{"line":30,"column":0},"end":{"line":35,"column":2}},"10":{"start":{"line":37,"column":0},"end":{"line":43,"column":2}},"11":{"start":{"line":45,"column":0},"end":{"line":51,"column":2}},"12":{"start":{"line":53,"column":0},"end":{"line":58,"column":2}},"13":{"start":{"line":60,"column":0},"end":{"line":66,"column":2}},"14":{"start":{"line":68,"column":0},"end":{"line":74,"column":2}},"15":{"start":{"line":76,"column":0},"end":{"line":76,"column":24}}},"fnMap":{},"branchMap":{},"s":{"0":0,"1":0,"2":0,"3":0,"4":0,"5":0,"6":0,"7":0,"8":0,"9":0,"10":0,"11":0,"12":0,"13":0,"14":0,"15":0},"f":{},"b":{}}
,"C:\\DENTHA_PUNYA\\Kuliah\\semester_5\\backend_dasar\\fp\\asisstHukum_BE_Fundanmental\\src\\routes\\file.route.js": {"path":"C:\\DENTHA_PUNYA\\Kuliah\\semester_5\\backend_dasar\\fp\\asisstHukum_BE_Fundanmental\\src\\routes\\file.route.js","statementMap":{"0":{"start":{"line":1,"column":16},"end":{"line":1,"column":34}},"1":{"start":{"line":2,"column":15},"end":{"line":2,"column":31}},"2":{"start":{"line":4,"column":17},"end":{"line":4,"column":58}},"3":{"start":{"line":5,"column":40},"end":{"line":5,"column":69}},"4":{"start":{"line":6,"column":19},"end":{"line":6,"column":49}},"5":{"start":{"line":9,"column":0},"end":{"line":15,"column":2}},"6":{"start":{"line":18,"column":0},"end":{"line":23,"column":2}},"7":{"start":{"line":26,"column":0},"end":{"line":30,"column":2}},"8":{"start":{"line":33,"column":0},"end":{"line":38,"column":2}},"9":{"start":{"line":40,"column":0},"end":{"line":40,"column":24}}},"fnMap":{},"branchMap":{},"s":{"0":0,"1":0,"2":0,"3":0,"4":0,"5":0,"6":0,"7":0,"8":0,"9":0},"f":{},"b":{}}
,"C:\\DENTHA_PUNYA\\Kuliah\\semester_5\\backend_dasar\\fp\\asisstHukum_BE_Fundanmental\\src\\routes\\route.js": {"path":"C:\\DENTHA_PUNYA\\Kuliah\\semester_5\\backend_dasar\\fp\\asisstHukum_BE_Fundanmental\\src\\routes\\route.js","statementMap":{"0":{"start":{"line":1,"column":16},"end":{"line":1,"column":34}},"1":{"start":{"line":2,"column":15},"end":{"line":2,"column":31}},"2":{"start":{"line":4,"column":19},"end":{"line":4,"column":42}},"3":{"start":{"line":5,"column":20},"end":{"line":5,"column":44}},"4":{"start":{"line":6,"column":23},"end":{"line":6,"column":50}},"5":{"start":{"line":7,"column":27},"end":{"line":7,"column":58}},"6":{"start":{"line":8,"column":19},"end":{"line":8,"column":42}},"7":{"start":{"line":10,"column":0},"end":{"line":10,"column":32}},"8":{"start":{"line":11,"column":0},"end":{"line":11,"column":34}},"9":{"start":{"line":12,"column":0},"end":{"line":12,"column":40}},"10":{"start":{"line":13,"column":0},"end":{"line":13,"column":49}},"11":{"start":{"line":14,"column":0},"end":{"line":14,"column":28}},"12":{"start":{"line":16,"column":0},"end":{"line":16,"column":24}}},"fnMap":{},"branchMap":{},"s":{"0":0,"1":0,"2":0,"3":0,"4":0,"5":0,"6":0,"7":0,"8":0,"9":0,"10":0,"11":0,"12":0},"f":{},"b":{}}
,"C:\\DENTHA_PUNYA\\Kuliah\\semester_5\\backend_dasar\\fp\\asisstHukum_BE_Fundanmental\\src\\services\\storage.js": {"path":"C:\\DENTHA_PUNYA\\Kuliah\\semester_5\\backend_dasar\\fp\\asisstHukum_BE_Fundanmental\\src\\services\\storage.js","statementMap":{"0":{"start":{"line":1,"column":15},"end":{"line":1,"column":32}},"1":{"start":{"line":2,"column":13},"end":{"line":2,"column":28}},"2":{"start":{"line":3,"column":11},"end":{"line":3,"column":24}},"3":{"start":{"line":4,"column":18},"end":{"line":4,"column":55}},"4":{"start":{"line":5,"column":0},"end":{"line":5,"column":76}},"5":{"start":{"line":5,"column":31},"end":{"line":5,"column":76}},"6":{"start":{"line":7,"column":16},"end":{"line":15,"column":2}},"7":{"start":{"line":9,"column":4},"end":{"line":9,"column":24}},"8":{"start":{"line":12,"column":19},"end":{"line":12,"column":69}},"9":{"start":{"line":13,"column":4},"end":{"line":13,"column":55}},"10":{"start":{"line":17,"column":20},"end":{"line":17,"column":75}},"11":{"start":{"line":19,"column":15},"end":{"line":27,"column":2}},"12":{"start":{"line":23,"column":20},"end":{"line":23,"column":53}},"13":{"start":{"line":24,"column":4},"end":{"line":25,"column":51}},"14":{"start":{"line":24,"column":73},"end":{"line":24,"column":88}},"15":{"start":{"line":25,"column":9},"end":{"line":25,"column":51}},"16":{"start":{"line":29,"column":0},"end":{"line":29,"column":28}}},"fnMap":{"0":{"name":"(anonymous_0)","decl":{"start":{"line":8,"column":15},"end":{"line":8,"column":16}},"loc":{"start":{"line":8,"column":40},"end":{"line":10,"column":3}},"line":8},"1":{"name":"(anonymous_1)","decl":{"start":{"line":11,"column":12},"end":{"line":11,"column":13}},"loc":{"start":{"line":11,"column":37},"end":{"line":14,"column":3}},"line":11},"2":{"name":"(anonymous_2)","decl":{"start":{"line":22,"column":14},"end":{"line":22,"column":15}},"loc":{"start":{"line":22,"column":33},"end":{"line":26,"column":3}},"line":22}},"branchMap":{"0":{"loc":{"start":{"line":4,"column":18},"end":{"line":4,"column":55}},"type":"binary-expr","locations":[{"start":{"line":4,"column":18},"end":{"line":4,"column":40}},{"start":{"line":4,"column":44},"end":{"line":4,"column":55}}],"line":4},"1":{"loc":{"start":{"line":5,"column":0},"end":{"line":5,"column":76}},"type":"if","locations":[{"start":{"line":5,"column":0},"end":{"line":5,"column":76}},{"start":{},"end":{}}],"line":5},"2":{"loc":{"start":{"line":17,"column":20},"end":{"line":17,"column":75}},"type":"binary-expr","locations":[{"start":{"line":17,"column":20},"end":{"line":17,"column":55}},{"start":{"line":17,"column":59},"end":{"line":17,"column":75}}],"line":17},"3":{"loc":{"start":{"line":24,"column":4},"end":{"line":25,"column":51}},"type":"if","locations":[{"start":{"line":24,"column":4},"end":{"line":25,"column":51}},{"start":{"line":25,"column":9},"end":{"line":25,"column":51}}],"line":24}},"s":{"0":0,"1":0,"2":0,"3":0,"4":0,"5":0,"6":0,"7":0,"8":0,"9":0,"10":0,"11":0,"12":0,"13":0,"14":0,"15":0,"16":0},"f":{"0":0,"1":0,"2":0},"b":{"0":[0,0],"1":[0,0],"2":[0,0],"3":[0,0]}}
,"C:\\DENTHA_PUNYA\\Kuliah\\semester_5\\backend_dasar\\fp\\asisstHukum_BE_Fundanmental\\src\\utils\\errors.js": {"path":"C:\\DENTHA_PUNYA\\Kuliah\\semester_5\\backend_dasar\\fp\\asisstHukum_BE_Fundanmental\\src\\utils\\errors.js","statementMap":{"0":{"start":{"line":3,"column":4},"end":{"line":3,"column":19}},"1":{"start":{"line":4,"column":4},"end":{"line":4,"column":33}},"2":{"start":{"line":5,"column":4},"end":{"line":5,"column":31}},"3":{"start":{"line":6,"column":4},"end":{"line":6,"column":30}},"4":{"start":{"line":7,"column":4},"end":{"line":7,"column":52}},"5":{"start":{"line":13,"column":4},"end":{"line":13,"column":44}},"6":{"start":{"line":14,"column":4},"end":{"line":14,"column":25}},"7":{"start":{"line":20,"column":4},"end":{"line":20,"column":37}},"8":{"start":{"line":26,"column":4},"end":{"line":26,"column":40}},"9":{"start":{"line":32,"column":4},"end":{"line":32,"column":37}},"10":{"start":{"line":38,"column":4},"end":{"line":38,"column":36}},"11":{"start":{"line":42,"column":21},"end":{"line":46,"column":1}},"12":{"start":{"line":43,"column":2},"end":{"line":45,"column":4}},"13":{"start":{"line":44,"column":4},"end":{"line":44,"column":52}},"14":{"start":{"line":48,"column":0},"end":{"line":56,"column":2}}},"fnMap":{"0":{"name":"(anonymous_0)","decl":{"start":{"line":2,"column":2},"end":{"line":2,"column":3}},"loc":{"start":{"line":2,"column":59},"end":{"line":8,"column":3}},"line":2},"1":{"name":"(anonymous_1)","decl":{"start":{"line":12,"column":2},"end":{"line":12,"column":3}},"loc":{"start":{"line":12,"column":57},"end":{"line":15,"column":3}},"line":12},"2":{"name":"(anonymous_2)","decl":{"start":{"line":19,"column":2},"end":{"line":19,"column":3}},"loc":{"start":{"line":19,"column":46},"end":{"line":21,"column":3}},"line":19},"3":{"name":"(anonymous_3)","decl":{"start":{"line":25,"column":2},"end":{"line":25,"column":3}},"loc":{"start":{"line":25,"column":40},"end":{"line":27,"column":3}},"line":25},"4":{"name":"(anonymous_4)","decl":{"start":{"line":31,"column":2},"end":{"line":31,"column":3}},"loc":{"start":{"line":31,"column":37},"end":{"line":33,"column":3}},"line":31},"5":{"name":"(anonymous_5)","decl":{"start":{"line":37,"column":2},"end":{"line":37,"column":3}},"loc":{"start":{"line":37,"column":36},"end":{"line":39,"column":3}},"line":37},"6":{"name":"(anonymous_6)","decl":{"start":{"line":42,"column":21},"end":{"line":42,"column":22}},"loc":{"start":{"line":42,"column":29},"end":{"line":46,"column":1}},"line":42},"7":{"name":"(anonymous_7)","decl":{"start":{"line":43,"column":9},"end":{"line":43,"column":10}},"loc":{"start":{"line":43,"column":29},"end":{"line":45,"column":3}},"line":43}},"branchMap":{"0":{"loc":{"start":{"line":2,"column":23},"end":{"line":2,"column":39}},"type":"default-arg","locations":[{"start":{"line":2,"column":36},"end":{"line":2,"column":39}}],"line":2},"1":{"loc":{"start":{"line":2,"column":41},"end":{"line":2,"column":57}},"type":"default-arg","locations":[{"start":{"line":2,"column":53},"end":{"line":2,"column":57}}],"line":2},"2":{"loc":{"start":{"line":12,"column":14},"end":{"line":12,"column":42}},"type":"default-arg","locations":[{"start":{"line":12,"column":24},"end":{"line":12,"column":42}}],"line":12},"3":{"loc":{"start":{"line":12,"column":44},"end":{"line":12,"column":55}},"type":"default-arg","locations":[{"start":{"line":12,"column":53},"end":{"line":12,"column":55}}],"line":12},"4":{"loc":{"start":{"line":19,"column":14},"end":{"line":19,"column":44}},"type":"default-arg","locations":[{"start":{"line":19,"column":24},"end":{"line":19,"column":44}}],"line":19},"5":{"loc":{"start":{"line":25,"column":14},"end":{"line":25,"column":38}},"type":"default-arg","locations":[{"start":{"line":25,"column":24},"end":{"line":25,"column":38}}],"line":25},"6":{"loc":{"start":{"line":31,"column":14},"end":{"line":31,"column":35}},"type":"default-arg","locations":[{"start":{"line":31,"column":24},"end":{"line":31,"column":35}}],"line":31},"7":{"loc":{"start":{"line":37,"column":14},"end":{"line":37,"column":34}},"type":"default-arg","locations":[{"start":{"line":37,"column":24},"end":{"line":37,"column":34}}],"line":37}},"s":{"0":0,"1":0,"2":0,"3":0,"4":0,"5":0,"6":0,"7":0,"8":0,"9":0,"10":0,"11":0,"12":0,"13":0,"14":0},"f":{"0":0,"1":0,"2":0,"3":0,"4":0,"5":0,"6":0,"7":0},"b":{"0":[0],"1":[0],"2":[0],"3":[0],"4":[0],"5":[0],"6":[0],"7":[0]}}
,"C:\\DENTHA_PUNYA\\Kuliah\\semester_5\\backend_dasar\\fp\\asisstHukum_BE_Fundanmental\\src\\utils\\prismaClient.js": {"path":"C:\\DENTHA_PUNYA\\Kuliah\\semester_5\\backend_dasar\\fp\\asisstHukum_BE_Fundanmental\\src\\utils\\prismaClient.js","statementMap":{"0":{"start":{"line":1,"column":25},"end":{"line":1,"column":50}},"1":{"start":{"line":3,"column":15},"end":{"line":3,"column":33}},"2":{"start":{"line":5,"column":0},"end":{"line":5,"column":24}}},"fnMap":{},"branchMap":{},"s":{"0":0,"1":0,"2":0},"f":{},"b":{}}
,"C:\\DENTHA_PUNYA\\Kuliah\\semester_5\\backend_dasar\\fp\\asisstHukum_BE_Fundanmental\\src\\utils\\response.js": {"path":"C:\\DENTHA_PUNYA\\Kuliah\\semester_5\\backend_dasar\\fp\\asisstHukum_BE_Fundanmental\\src\\utils\\response.js","statementMap":{"0":{"start":{"line":1,"column":24},"end":{"line":12,"column":1}},"1":{"start":{"line":2,"column":19},"end":{"line":5,"column":3}},"2":{"start":{"line":7,"column":2},"end":{"line":9,"column":3}},"3":{"start":{"line":8,"column":4},"end":{"line":8,"column":25}},"4":{"start":{"line":11,"column":2},"end":{"line":11,"column":47}},"5":{"start":{"line":14,"column":22},"end":{"line":29,"column":1}},"6":{"start":{"line":15,"column":19},"end":{"line":18,"column":3}},"7":{"start":{"line":20,"column":2},"end":{"line":22,"column":3}},"8":{"start":{"line":21,"column":4},"end":{"line":21,"column":35}},"9":{"start":{"line":24,"column":2},"end":{"line":26,"column":3}},"10":{"start":{"line":25,"column":4},"end":{"line":25,"column":27}},"11":{"start":{"line":28,"column":2},"end":{"line":28,"column":47}},"12":{"start":{"line":31,"column":32},"end":{"line":38,"column":1}},"13":{"start":{"line":32,"column":2},"end":{"line":37,"column":5}},"14":{"start":{"line":40,"column":0},"end":{"line":44,"column":2}}},"fnMap":{"0":{"name":"(anonymous_0)","decl":{"start":{"line":1,"column":24},"end":{"line":1,"column":25}},"loc":{"start":{"line":1,"column":73},"end":{"line":12,"column":1}},"line":1},"1":{"name":"(anonymous_1)","decl":{"start":{"line":14,"column":22},"end":{"line":14,"column":23}},"loc":{"start":{"line":14,"column":90},"end":{"line":29,"column":1}},"line":14},"2":{"name":"(anonymous_2)","decl":{"start":{"line":31,"column":32},"end":{"line":31,"column":33}},"loc":{"start":{"line":31,"column":49},"end":{"line":38,"column":1}},"line":31}},"branchMap":{"0":{"loc":{"start":{"line":1,"column":30},"end":{"line":1,"column":46}},"type":"default-arg","locations":[{"start":{"line":1,"column":43},"end":{"line":1,"column":46}}],"line":1},"1":{"loc":{"start":{"line":1,"column":57},"end":{"line":1,"column":68}},"type":"default-arg","locations":[{"start":{"line":1,"column":64},"end":{"line":1,"column":68}}],"line":1},"2":{"loc":{"start":{"line":4,"column":13},"end":{"line":4,"column":33}},"type":"binary-expr","locations":[{"start":{"line":4,"column":13},"end":{"line":4,"column":20}},{"start":{"line":4,"column":24},"end":{"line":4,"column":33}}],"line":4},"3":{"loc":{"start":{"line":7,"column":2},"end":{"line":9,"column":3}},"type":"if","locations":[{"start":{"line":7,"column":2},"end":{"line":9,"column":3}},{"start":{},"end":{}}],"line":7},"4":{"loc":{"start":{"line":14,"column":28},"end":{"line":14,"column":44}},"type":"default-arg","locations":[{"start":{"line":14,"column":41},"end":{"line":14,"column":44}}],"line":14},"5":{"loc":{"start":{"line":14,"column":55},"end":{"line":14,"column":71}},"type":"default-arg","locations":[{"start":{"line":14,"column":67},"end":{"line":14,"column":71}}],"line":14},"6":{"loc":{"start":{"line":14,"column":73},"end":{"line":14,"column":85}},"type":"default-arg","locations":[{"start":{"line":14,"column":81},"end":{"line":14,"column":85}}],"line":14},"7":{"loc":{"start":{"line":17,"column":13},"end":{"line":17,"column":43}},"type":"binary-expr","locations":[{"start":{"line":17,"column":13},"end":{"line":17,"column":20}},{"start":{"line":17,"column":24},"end":{"line":17,"column":43}}],"line":17},"8":{"loc":{"start":{"line":20,"column":2},"end":{"line":22,"column":3}},"type":"if","locations":[{"start":{"line":20,"column":2},"end":{"line":22,"column":3}},{"start":{},"end":{}}],"line":20},"9":{"loc":{"start":{"line":24,"column":2},"end":{"line":26,"column":3}},"type":"if","locations":[{"start":{"line":24,"column":2},"end":{"line":26,"column":3}},{"start":{},"end":{}}],"line":24},"10":{"loc":{"start":{"line":24,"column":6},"end":{"line":24,"column":53}},"type":"binary-expr","locations":[{"start":{"line":24,"column":6},"end":{"line":24,"column":11}},{"start":{"line":24,"column":15},"end":{"line":24,"column":53}}],"line":24}},"s":{"0":5,"1":0,"2":0,"3":0,"4":0,"5":5,"6":0,"7":0,"8":0,"9":0,"10":0,"11":0,"12":5,"13":0,"14":5},"f":{"0":0,"1":0,"2":0},"b":{"0":[0],"1":[0],"2":[0,0],"3":[0,0],"4":[0],"5":[0],"6":[0],"7":[0,0],"8":[0,0],"9":[0,0],"10":[0,0]},"_coverageSchema":"1a1c01bbd47fc00a2c39e90264f33305004495a9","hash":"c58c47f840de178f9fe3d4d349f892b11e794d94"}
,"C:\\DENTHA_PUNYA\\Kuliah\\semester_5\\backend_dasar\\fp\\asisstHukum_BE_Fundanmental\\src\\validation\\schema.js": {"path":"C:\\DENTHA_PUNYA\\Kuliah\\semester_5\\backend_dasar\\fp\\asisstHukum_BE_Fundanmental\\src\\validation\\schema.js","statementMap":{"0":{"start":{"line":1,"column":14},"end":{"line":1,"column":28}},"1":{"start":{"line":7,"column":23},"end":{"line":12,"column":2}},"2":{"start":{"line":14,"column":20},"end":{"line":17,"column":2}},"3":{"start":{"line":23,"column":23},"end":{"line":30,"column":2}},"4":{"start":{"line":33,"column":29},"end":{"line":33,"column":53}},"5":{"start":{"line":35,"column":29},"end":{"line":55,"column":3}},"6":{"start":{"line":53,"column":14},"end":{"line":53,"column":71}},"7":{"start":{"line":61,"column":27},"end":{"line":70,"column":2}},"8":{"start":{"line":72,"column":33},"end":{"line":80,"column":2}},"9":{"start":{"line":82,"column":33},"end":{"line":87,"column":2}},"10":{"start":{"line":89,"column":33},"end":{"line":102,"column":3}},"11":{"start":{"line":100,"column":14},"end":{"line":100,"column":67}},"12":{"start":{"line":104,"column":0},"end":{"line":114,"column":2}}},"fnMap":{"0":{"name":"(anonymous_0)","decl":{"start":{"line":53,"column":4},"end":{"line":53,"column":5}},"loc":{"start":{"line":53,"column":14},"end":{"line":53,"column":71}},"line":53},"1":{"name":"(anonymous_1)","decl":{"start":{"line":100,"column":4},"end":{"line":100,"column":5}},"loc":{"start":{"line":100,"column":14},"end":{"line":100,"column":67}},"line":100}},"branchMap":{"0":{"loc":{"start":{"line":53,"column":14},"end":{"line":53,"column":71}},"type":"binary-expr","locations":[{"start":{"line":53,"column":14},"end":{"line":53,"column":40}},{"start":{"line":53,"column":44},"end":{"line":53,"column":71}}],"line":53},"1":{"loc":{"start":{"line":100,"column":14},"end":{"line":100,"column":67}},"type":"binary-expr","locations":[{"start":{"line":100,"column":14},"end":{"line":100,"column":38}},{"start":{"line":100,"column":42},"end":{"line":100,"column":67}}],"line":100}},"s":{"0":0,"1":0,"2":0,"3":0,"4":0,"5":0,"6":0,"7":0,"8":0,"9":0,"10":0,"11":0,"12":0},"f":{"0":0,"1":0},"b":{"0":[0,0],"1":[0,0]}}
}
