TN:
SF:src\controllers\admin.controller.js
FN:4,assignUserToLawyer
FN:13,(anonymous_1)
FNF:2
FNH:2
FNDA:3,assignUserToLawyer
FNDA:1,(anonymous_1)
DA:1,1
DA:2,1
DA:5,3
DA:6,3
DA:8,3
DA:9,1
DA:13,2
DA:15,1
DA:25,1
DA:26,0
DA:30,1
DA:35,1
DA:37,1
DA:48,0
DA:51,1
DA:54,1
DA:56,1
DA:57,1
DA:61,1
LF:19
LH:17
BRDA:8,0,0,1
BRDA:8,0,1,2
BRDA:25,1,0,0
BRDA:25,1,1,1
BRDA:35,2,0,1
BRDA:35,2,1,0
BRF:6
BRH:4
end_of_record
TN:
SF:src\controllers\auth.controller.js
FN:6,register
FN:42,login
FN:80,getMe
FNF:3
FNH:2
FNDA:3,register
FNDA:4,login
FNDA:0,getMe
DA:1,1
DA:2,1
DA:3,1
DA:4,1
DA:7,3
DA:8,3
DA:10,3
DA:11,2
DA:12,1
DA:15,1
DA:17,1
DA:33,1
DA:38,1
DA:43,4
DA:44,4
DA:46,4
DA:47,3
DA:48,1
DA:51,2
DA:52,2
DA:53,1
DA:56,1
DA:66,1
DA:76,1
DA:81,0
DA:83,0
DA:95,0
DA:96,0
DA:100,0
DA:108,0
DA:114,0
DA:118,1
LF:32
LH:25
BRDA:11,0,0,1
BRDA:11,0,1,1
BRDA:47,1,0,1
BRDA:47,1,1,2
BRDA:52,2,0,1
BRDA:52,2,1,1
BRDA:95,3,0,0
BRDA:95,3,1,0
BRDA:111,4,0,0
BRDA:111,4,1,0
BRF:10
BRH:6
end_of_record
TN:
SF:src\controllers\business.controller.js
FN:4,createBusiness
FN:27,getMyBusinesses
FN:76,getBusiness
FN:138,updateBusiness
FN:185,deleteBusiness
FN:201,assignBusiness
FN:234,uploadPermit
FN:265,removePermit
FN:294,listAllBusinesses
FNF:9
FNH:7
FNDA:2,createBusiness
FNDA:1,getMyBusinesses
FNDA:4,getBusiness
FNDA:2,updateBusiness
FNDA:2,deleteBusiness
FNDA:1,assignBusiness
FNDA:0,uploadPermit
FNDA:0,removePermit
FNDA:1,listAllBusinesses
DA:1,1
DA:2,1
DA:5,2
DA:6,2
DA:8,2
DA:21,1
DA:23,1
DA:28,1
DA:29,1
DA:69,1
DA:71,0
DA:77,4
DA:78,4
DA:80,4
DA:81,1
DA:84,3
DA:119,3
DA:120,1
DA:123,2
DA:127,1
DA:130,1
DA:133,0
DA:139,2
DA:140,2
DA:142,2
DA:143,0
DA:145,2
DA:147,2
DA:149,2
DA:150,0
DA:153,2
DA:154,1
DA:157,1
DA:158,1
DA:159,1
DA:161,1
DA:179,1
DA:181,0
DA:186,2
DA:187,2
DA:189,2
DA:190,1
DA:193,1
DA:195,1
DA:197,0
DA:202,1
DA:203,1
DA:204,1
DA:206,1
DA:207,1
DA:208,1
DA:210,1
DA:228,1
DA:230,0
DA:235,0
DA:236,0
DA:238,0
DA:239,0
DA:242,0
DA:244,0
DA:245,0
DA:248,0
DA:249,0
DA:252,0
DA:259,0
DA:261,0
DA:266,0
DA:267,0
DA:268,0
DA:270,0
DA:271,0
DA:274,0
DA:276,0
DA:277,0
DA:280,0
DA:282,0
DA:283,0
DA:286,0
DA:288,0
DA:290,0
DA:295,1
DA:296,1
DA:314,1
DA:316,0
DA:320,1
LF:85
LH:51
BRDA:80,0,0,1
BRDA:80,0,1,3
BRDA:119,1,0,1
BRDA:119,1,1,2
BRDA:123,2,0,1
BRDA:123,2,1,1
BRDA:124,3,0,2
BRDA:124,3,1,2
BRDA:142,4,0,0
BRDA:142,4,1,2
BRDA:149,5,0,0
BRDA:149,5,1,2
BRDA:153,6,0,1
BRDA:153,6,1,1
BRDA:158,7,0,1
BRDA:158,7,1,0
BRDA:159,8,0,1
BRDA:159,8,1,0
BRDA:189,9,0,1
BRDA:189,9,1,1
BRDA:207,10,0,1
BRDA:207,10,1,0
BRDA:208,11,0,1
BRDA:208,11,1,0
BRDA:238,12,0,0
BRDA:238,12,1,0
BRDA:244,13,0,0
BRDA:244,13,1,0
BRDA:248,14,0,0
BRDA:248,14,1,0
BRDA:248,15,0,0
BRDA:248,15,1,0
BRDA:270,16,0,0
BRDA:270,16,1,0
BRDA:270,17,0,0
BRDA:270,17,1,0
BRDA:276,18,0,0
BRDA:276,18,1,0
BRDA:276,19,0,0
BRDA:276,19,1,0
BRDA:282,20,0,0
BRDA:282,20,1,0
BRDA:282,21,0,0
BRDA:282,21,1,0
BRF:44
BRH:18
end_of_record
TN:
SF:src\controllers\consultation.controller.js
FN:4,createConsultation
FN:34,listMyConsultations
FN:41,(anonymous_2)
FN:67,listAllConsultations
FN:85,listLawyerConsultations
FN:110,assignLawyer
FN:141,updateStatus
FN:184,submitResult
FN:240,uploadResultFile
FNF:9
FNH:8
FNDA:3,createConsultation
FNDA:1,listMyConsultations
FNDA:2,(anonymous_2)
FNDA:1,listAllConsultations
FNDA:2,listLawyerConsultations
FNDA:2,assignLawyer
FNDA:3,updateStatus
FNDA:2,submitResult
FNDA:0,uploadResultFile
DA:1,1
DA:2,1
DA:5,3
DA:6,3
DA:8,3
DA:10,3
DA:11,1
DA:14,2
DA:15,1
DA:18,1
DA:28,1
DA:30,0
DA:35,1
DA:36,1
DA:41,2
DA:43,1
DA:61,1
DA:63,0
DA:68,1
DA:69,1
DA:79,1
DA:81,0
DA:86,2
DA:88,2
DA:92,2
DA:93,1
DA:96,1
DA:104,1
DA:106,0
DA:111,2
DA:112,2
DA:113,2
DA:115,2
DA:116,1
DA:119,1
DA:135,1
DA:137,0
DA:142,3
DA:143,3
DA:144,3
DA:146,3
DA:148,3
DA:149,1
DA:153,2
DA:158,2
DA:159,1
DA:163,1
DA:164,0
DA:167,1
DA:178,1
DA:180,0
DA:185,2
DA:186,2
DA:187,2
DA:189,2
DA:190,0
DA:193,2
DA:195,2
DA:196,0
DA:200,2
DA:204,2
DA:205,0
DA:209,2
DA:210,1
DA:213,1
DA:215,1
DA:216,1
DA:219,1
DA:220,1
DA:223,1
DA:234,1
DA:236,0
DA:241,0
DA:242,0
DA:244,0
DA:245,0
DA:248,0
DA:249,0
DA:252,0
DA:256,0
DA:257,0
DA:261,0
DA:265,0
DA:266,0
DA:270,0
DA:271,0
DA:274,0
DA:285,0
DA:296,0
DA:301,0
DA:305,1
LF:91
LH:62
BRDA:10,0,0,1
BRDA:10,0,1,2
BRDA:14,1,0,1
BRDA:14,1,1,1
BRDA:14,2,0,2
BRDA:14,2,1,2
BRDA:92,3,0,1
BRDA:92,3,1,1
BRDA:115,4,0,1
BRDA:115,4,1,1
BRDA:148,5,0,1
BRDA:148,5,1,2
BRDA:158,6,0,1
BRDA:158,6,1,1
BRDA:158,7,0,2
BRDA:158,7,1,2
BRDA:163,8,0,0
BRDA:163,8,1,1
BRDA:163,9,0,1
BRDA:163,9,1,0
BRDA:189,10,0,0
BRDA:189,10,1,2
BRDA:195,11,0,0
BRDA:195,11,1,2
BRDA:204,12,0,0
BRDA:204,12,1,2
BRDA:209,13,0,1
BRDA:209,13,1,1
BRDA:215,14,0,1
BRDA:215,14,1,0
BRDA:219,15,0,1
BRDA:219,15,1,0
BRDA:244,16,0,0
BRDA:244,16,1,0
BRDA:248,17,0,0
BRDA:248,17,1,0
BRDA:256,18,0,0
BRDA:256,18,1,0
BRDA:265,19,0,0
BRDA:265,19,1,0
BRDA:270,20,0,0
BRDA:270,20,1,0
BRF:42
BRH:25
end_of_record
TN:
SF:src\controllers\file.controller.js
FN:6,uploadFile
FN:32,getBusinessFiles
FN:51,downloadFile
FN:78,deleteFile
FNF:4
FNH:4
FNDA:3,uploadFile
FNDA:2,getBusinessFiles
FNDA:4,downloadFile
FNDA:4,deleteFile
DA:1,1
DA:2,1
DA:3,1
DA:4,1
DA:7,3
DA:8,3
DA:9,1
DA:12,2
DA:14,2
DA:15,1
DA:18,1
DA:26,1
DA:28,0
DA:33,2
DA:34,2
DA:36,2
DA:37,1
DA:40,1
DA:45,1
DA:47,0
DA:52,4
DA:53,4
DA:55,4
DA:56,1
DA:59,3
DA:61,3
DA:62,1
DA:65,2
DA:66,2
DA:68,2
DA:69,1
DA:72,1
DA:74,0
DA:79,4
DA:80,4
DA:82,4
DA:83,1
DA:86,3
DA:88,3
DA:89,1
DA:92,2
DA:93,2
DA:95,2
DA:96,1
DA:99,2
DA:101,2
DA:103,0
DA:107,1
LF:48
LH:44
BRDA:8,0,0,1
BRDA:8,0,1,2
BRDA:12,1,0,2
BRDA:12,1,1,0
BRDA:14,2,0,1
BRDA:14,2,1,1
BRDA:36,3,0,1
BRDA:36,3,1,1
BRDA:55,4,0,1
BRDA:55,4,1,3
BRDA:61,5,0,1
BRDA:61,5,1,2
BRDA:65,6,0,2
BRDA:65,6,1,0
BRDA:68,7,0,1
BRDA:68,7,1,1
BRDA:82,8,0,1
BRDA:82,8,1,3
BRDA:88,9,0,1
BRDA:88,9,1,2
BRDA:92,10,0,2
BRDA:92,10,1,0
BRDA:95,11,0,1
BRDA:95,11,1,1
BRF:24
BRH:21
end_of_record
TN:
SF:src\middleware\auth.js
FN:4,authenticate
FN:28,authorizeRole
FN:29,(anonymous_2)
FN:37,(anonymous_3)
FNF:4
FNH:0
FNDA:0,authenticate
FNDA:0,authorizeRole
FNDA:0,(anonymous_2)
FNDA:0,(anonymous_3)
DA:1,0
DA:2,0
DA:5,0
DA:7,0
DA:8,0
DA:11,0
DA:13,0
DA:14,0
DA:15,0
DA:16,0
DA:18,0
DA:19,0
DA:21,0
DA:22,0
DA:24,0
DA:29,0
DA:30,0
DA:31,0
DA:34,0
DA:36,0
DA:37,0
DA:39,0
DA:40,0
DA:43,0
DA:47,0
LF:25
LH:0
BRDA:5,0,0,0
BRDA:5,0,1,0
BRDA:7,1,0,0
BRDA:7,1,1,0
BRDA:18,2,0,0
BRDA:18,2,1,0
BRDA:21,3,0,0
BRDA:21,3,1,0
BRDA:30,4,0,0
BRDA:30,4,1,0
BRDA:34,5,0,0
BRDA:34,5,1,0
BRDA:39,6,0,0
BRDA:39,6,1,0
BRF:14
BRH:0
end_of_record
TN:
SF:src\middleware\errorHandler.js
FN:4,errorHandler
FN:54,handlePrismaError
FN:100,handleMulterError
FN:119,getErrorCode
FNF:4
FNH:0
FNDA:0,errorHandler
FNDA:0,handlePrismaError
FNDA:0,handleMulterError
FNDA:0,getErrorCode
DA:1,0
DA:2,0
DA:5,0
DA:6,0
DA:15,0
DA:16,0
DA:19,0
DA:20,0
DA:23,0
DA:24,0
DA:27,0
DA:28,0
DA:29,0
DA:30,0
DA:33,0
DA:34,0
DA:37,0
DA:38,0
DA:41,0
DA:42,0
DA:45,0
DA:46,0
DA:49,0
DA:55,0
DA:91,0
DA:97,0
DA:101,0
DA:111,0
DA:116,0
DA:120,0
DA:130,0
DA:133,0
LF:32
LH:0
BRDA:5,0,0,0
BRDA:5,0,1,0
BRDA:15,1,0,0
BRDA:15,1,1,0
BRDA:19,2,0,0
BRDA:19,2,1,0
BRDA:19,3,0,0
BRDA:19,3,1,0
BRDA:23,4,0,0
BRDA:23,4,1,0
BRDA:27,5,0,0
BRDA:27,5,1,0
BRDA:27,6,0,0
BRDA:27,6,1,0
BRDA:28,7,0,0
BRDA:28,7,1,0
BRDA:29,8,0,0
BRDA:29,8,1,0
BRDA:30,9,0,0
BRDA:30,9,1,0
BRDA:33,10,0,0
BRDA:33,10,1,0
BRDA:33,11,0,0
BRDA:33,11,1,0
BRDA:37,12,0,0
BRDA:37,12,1,0
BRDA:41,13,0,0
BRDA:41,13,1,0
BRDA:45,14,0,0
BRDA:45,14,1,0
BRDA:45,15,0,0
BRDA:45,15,1,0
BRDA:50,16,0,0
BRDA:50,16,1,0
BRDA:91,17,0,0
BRDA:91,17,1,0
BRDA:111,18,0,0
BRDA:111,18,1,0
BRDA:130,19,0,0
BRDA:130,19,1,0
BRF:40
BRH:0
end_of_record
TN:
SF:src\middleware\lawyer.js
FN:9,isLawyer
FNF:1
FNH:0
FNDA:0,isLawyer
DA:1,0
DA:2,0
DA:10,0
DA:12,0
DA:13,0
DA:19,0
DA:23,0
DA:24,0
DA:31,0
DA:32,0
DA:34,0
DA:38,0
LF:12
LH:0
BRDA:12,0,0,0
BRDA:12,0,1,0
BRDA:23,1,0,0
BRDA:23,1,1,0
BRF:4
BRH:0
end_of_record
TN:
SF:src\middleware\owner.js
FN:8,requireOwner
FNF:1
FNH:0
FNDA:0,requireOwner
DA:1,0
DA:2,0
DA:9,0
DA:11,0
DA:12,0
DA:19,0
DA:23,0
DA:24,0
DA:31,0
DA:33,0
DA:37,0
LF:11
LH:0
BRDA:11,0,0,0
BRDA:11,0,1,0
BRDA:23,1,0,0
BRDA:23,1,1,0
BRF:4
BRH:0
end_of_record
TN:
SF:src\middleware\sanitize.js
FN:3,sanitizeInput
FN:9,(anonymous_1)
FN:32,sanitizeMiddleware
FNF:3
FNH:0
FNDA:0,sanitizeInput
FNDA:0,(anonymous_1)
FNDA:0,sanitizeMiddleware
DA:1,0
DA:4,0
DA:5,0
DA:8,0
DA:9,0
DA:12,0
DA:13,0
DA:14,0
DA:15,0
DA:16,0
DA:17,0
DA:22,0
DA:23,0
DA:25,0
DA:29,0
DA:33,0
DA:34,0
DA:36,0
DA:37,0
DA:39,0
DA:40,0
DA:42,0
DA:45,0
LF:23
LH:0
BRDA:4,0,0,0
BRDA:4,0,1,0
BRDA:4,1,0,0
BRDA:4,1,1,0
BRDA:8,2,0,0
BRDA:8,2,1,0
BRDA:14,3,0,0
BRDA:14,3,1,0
BRDA:16,4,0,0
BRDA:16,4,1,0
BRDA:22,5,0,0
BRDA:22,5,1,0
BRDA:22,6,0,0
BRDA:22,6,1,0
BRDA:33,7,0,0
BRDA:33,7,1,0
BRDA:33,8,0,0
BRDA:33,8,1,0
BRDA:36,9,0,0
BRDA:36,9,1,0
BRDA:36,10,0,0
BRDA:36,10,1,0
BRDA:39,11,0,0
BRDA:39,11,1,0
BRDA:39,12,0,0
BRDA:39,12,1,0
BRF:26
BRH:0
end_of_record
TN:
SF:src\middleware\upload.js
FN:9,(anonymous_0)
FN:12,(anonymous_1)
FNF:2
FNH:0
FNDA:0,(anonymous_0)
FNDA:0,(anonymous_1)
DA:5,0
DA:6,0
DA:8,0
DA:10,0
DA:13,0
DA:14,0
DA:18,0
LF:7
LH:0
BRDA:6,0,0,0
BRDA:6,0,1,0
BRF:2
BRH:0
end_of_record
TN:
SF:src\middleware\validate.js
FN:4,validate
FN:5,(anonymous_1)
FNF:2
FNH:0
FNDA:0,validate
FNDA:0,(anonymous_1)
DA:1,0
DA:2,0
DA:5,0
DA:6,0
DA:7,0
DA:8,0
DA:9,0
DA:11,0
DA:12,0
DA:15,0
DA:20,0
LF:11
LH:0
BRDA:11,0,0,0
BRDA:11,0,1,0
BRF:2
BRH:0
end_of_record
TN:
SF:src\routes\admin.route.js
FNF:0
FNH:0
DA:1,0
DA:2,0
DA:3,0
DA:4,0
DA:6,0
DA:13,0
LF:6
LH:0
BRF:0
BRH:0
end_of_record
TN:
SF:src\routes\auth.route.js
FNF:0
FNH:0
DA:1,0
DA:2,0
DA:4,0
DA:5,0
DA:6,0
DA:7,0
DA:10,0
DA:13,0
DA:16,0
DA:18,0
LF:10
LH:0
BRF:0
BRH:0
end_of_record
TN:
SF:src\routes\business.route.js
FNF:0
FNH:0
DA:1,0
DA:2,0
DA:4,0
DA:5,0
DA:6,0
DA:7,0
DA:12,0
DA:13,0
DA:16,0
DA:24,0
DA:32,0
DA:41,0
DA:49,0
DA:58,0
DA:66,0
DA:75,0
DA:84,0
DA:91,0
LF:18
LH:0
BRF:0
BRH:0
end_of_record
TN:
SF:src\routes\consultation.route.js
FNF:0
FNH:0
DA:1,0
DA:2,0
DA:4,0
DA:5,0
DA:6,0
DA:7,0
DA:8,0
DA:14,0
DA:15,0
DA:18,0
DA:26,0
DA:34,0
DA:42,0
DA:51,0
DA:60,0
DA:67,0
DA:75,0
DA:83,0
LF:18
LH:0
BRF:0
BRH:0
end_of_record
TN:
SF:src\routes\file.route.js
FNF:0
FNH:0
DA:1,0
DA:2,0
DA:4,0
DA:5,0
DA:6,0
DA:9,0
DA:18,0
DA:26,0
DA:33,0
DA:40,0
LF:10
LH:0
BRF:0
BRH:0
end_of_record
TN:
SF:src\routes\route.js
FNF:0
FNH:0
DA:1,0
DA:2,0
DA:4,0
DA:5,0
DA:6,0
DA:7,0
DA:8,0
DA:10,0
DA:11,0
DA:12,0
DA:13,0
DA:14,0
DA:16,0
LF:13
LH:0
BRF:0
BRH:0
end_of_record
TN:
SF:src\services\storage.js
FN:8,(anonymous_0)
FN:11,(anonymous_1)
FN:22,(anonymous_2)
FNF:3
FNH:0
FNDA:0,(anonymous_0)
FNDA:0,(anonymous_1)
FNDA:0,(anonymous_2)
DA:1,0
DA:2,0
DA:3,0
DA:4,0
DA:5,0
DA:7,0
DA:9,0
DA:12,0
DA:13,0
DA:17,0
DA:19,0
DA:23,0
DA:24,0
DA:25,0
DA:29,0
LF:15
LH:0
BRDA:4,0,0,0
BRDA:4,0,1,0
BRDA:5,1,0,0
BRDA:5,1,1,0
BRDA:17,2,0,0
BRDA:17,2,1,0
BRDA:24,3,0,0
BRDA:24,3,1,0
BRF:8
BRH:0
end_of_record
TN:
SF:src\utils\errors.js
FN:2,(anonymous_0)
FN:12,(anonymous_1)
FN:19,(anonymous_2)
FN:25,(anonymous_3)
FN:31,(anonymous_4)
FN:37,(anonymous_5)
FN:42,(anonymous_6)
FN:43,(anonymous_7)
FNF:8
FNH:0
FNDA:0,(anonymous_0)
FNDA:0,(anonymous_1)
FNDA:0,(anonymous_2)
FNDA:0,(anonymous_3)
FNDA:0,(anonymous_4)
FNDA:0,(anonymous_5)
FNDA:0,(anonymous_6)
FNDA:0,(anonymous_7)
DA:3,0
DA:4,0
DA:5,0
DA:6,0
DA:7,0
DA:13,0
DA:14,0
DA:20,0
DA:26,0
DA:32,0
DA:38,0
DA:42,0
DA:43,0
DA:44,0
DA:48,0
LF:15
LH:0
BRDA:2,0,0,0
BRDA:2,1,0,0
BRDA:12,2,0,0
BRDA:12,3,0,0
BRDA:19,4,0,0
BRDA:25,5,0,0
BRDA:31,6,0,0
BRDA:37,7,0,0
BRF:8
BRH:0
end_of_record
TN:
SF:src\utils\prismaClient.js
FNF:0
FNH:0
DA:1,0
DA:3,0
DA:5,0
LF:3
LH:0
BRF:0
BRH:0
end_of_record
TN:
SF:src\utils\response.js
FN:1,(anonymous_0)
FN:14,(anonymous_1)
FN:31,(anonymous_2)
FNF:3
FNH:0
FNDA:0,(anonymous_0)
FNDA:0,(anonymous_1)
FNDA:0,(anonymous_2)
DA:1,5
DA:2,0
DA:7,0
DA:8,0
DA:11,0
DA:14,5
DA:15,0
DA:20,0
DA:21,0
DA:24,0
DA:25,0
DA:28,0
DA:31,5
DA:32,0
DA:40,5
LF:15
LH:4
BRDA:1,0,0,0
BRDA:1,1,0,0
BRDA:4,2,0,0
BRDA:4,2,1,0
BRDA:7,3,0,0
BRDA:7,3,1,0
BRDA:14,4,0,0
BRDA:14,5,0,0
BRDA:14,6,0,0
BRDA:17,7,0,0
BRDA:17,7,1,0
BRDA:20,8,0,0
BRDA:20,8,1,0
BRDA:24,9,0,0
BRDA:24,9,1,0
BRDA:24,10,0,0
BRDA:24,10,1,0
BRF:17
BRH:0
end_of_record
TN:
SF:src\validation\schema.js
FN:53,(anonymous_0)
FN:100,(anonymous_1)
FNF:2
FNH:0
FNDA:0,(anonymous_0)
FNDA:0,(anonymous_1)
DA:1,0
DA:7,0
DA:14,0
DA:23,0
DA:33,0
DA:35,0
DA:53,0
DA:61,0
DA:72,0
DA:82,0
DA:89,0
DA:100,0
DA:104,0
LF:13
LH:0
BRDA:53,0,0,0
BRDA:53,0,1,0
BRDA:100,1,0,0
BRDA:100,1,1,0
BRF:4
BRH:0
end_of_record
