TN:
SF:src\controllers\admin.controller.js
FN:4,assignUserToLawyer
FNF:1
FNH:1
FNDA:3,assignUserToLawyer
DA:1,1
DA:2,1
DA:5,3
DA:6,3
DA:8,3
DA:9,1
DA:12,2
DA:25,1
DA:27,1
DA:31,1
LF:10
LH:10
BRDA:8,0,0,1
BRDA:8,0,1,2
BRF:2
BRH:2
end_of_record
TN:
SF:src\controllers\auth.controller.js
FN:6,register
FN:42,login
FNF:2
FNH:2
FNDA:3,register
FNDA:4,login
DA:1,1
DA:2,1
DA:3,1
DA:4,1
DA:7,3
DA:8,3
DA:10,3
DA:11,2
DA:12,1
DA:15,1
DA:17,1
DA:33,1
DA:38,1
DA:43,4
DA:44,4
DA:46,4
DA:47,3
DA:48,1
DA:51,2
DA:52,2
DA:53,1
DA:56,1
DA:66,1
DA:76,1
DA:80,1
LF:25
LH:25
BRDA:11,0,0,1
BRDA:11,0,1,1
BRDA:47,1,0,1
BRDA:47,1,1,2
BRDA:52,2,0,1
BRDA:52,2,1,1
BRF:6
BRH:6
end_of_record
TN:
SF:src\controllers\business.controller.js
FN:4,createBusiness
FN:27,getMyBusinesses
FN:66,getBusiness
FN:118,updateBusiness
FN:160,deleteBusiness
FN:176,assignBusiness
FN:204,uploadPermit
FN:235,removePermit
FN:264,listAllBusinesses
FNF:9
FNH:7
FNDA:2,createBusiness
FNDA:1,getMyBusinesses
FNDA:4,getBusiness
FNDA:2,updateBusiness
FNDA:2,deleteBusiness
FNDA:1,assignBusiness
FNDA:0,uploadPermit
FNDA:0,removePermit
FNDA:1,listAllBusinesses
DA:1,1
DA:2,1
DA:5,2
DA:6,2
DA:8,2
DA:21,1
DA:23,1
DA:28,1
DA:29,1
DA:59,1
DA:61,0
DA:67,4
DA:68,4
DA:70,4
DA:71,1
DA:74,3
DA:99,3
DA:100,1
DA:103,2
DA:107,1
DA:110,1
DA:113,0
DA:119,2
DA:120,2
DA:122,2
DA:123,0
DA:125,2
DA:127,2
DA:129,2
DA:130,0
DA:133,2
DA:134,1
DA:137,1
DA:138,1
DA:139,1
DA:141,1
DA:154,1
DA:156,0
DA:161,2
DA:162,2
DA:164,2
DA:165,1
DA:168,1
DA:170,1
DA:172,0
DA:177,1
DA:178,1
DA:179,1
DA:181,1
DA:182,1
DA:183,1
DA:185,1
DA:198,1
DA:200,0
DA:205,0
DA:206,0
DA:208,0
DA:209,0
DA:212,0
DA:214,0
DA:215,0
DA:218,0
DA:219,0
DA:222,0
DA:229,0
DA:231,0
DA:236,0
DA:237,0
DA:238,0
DA:240,0
DA:241,0
DA:244,0
DA:246,0
DA:247,0
DA:250,0
DA:252,0
DA:253,0
DA:256,0
DA:258,0
DA:260,0
DA:265,1
DA:266,1
DA:279,1
DA:281,0
DA:285,1
LF:85
LH:51
BRDA:70,0,0,1
BRDA:70,0,1,3
BRDA:99,1,0,1
BRDA:99,1,1,2
BRDA:103,2,0,1
BRDA:103,2,1,1
BRDA:104,3,0,2
BRDA:104,3,1,2
BRDA:122,4,0,0
BRDA:122,4,1,2
BRDA:129,5,0,0
BRDA:129,5,1,2
BRDA:133,6,0,1
BRDA:133,6,1,1
BRDA:138,7,0,1
BRDA:138,7,1,0
BRDA:139,8,0,1
BRDA:139,8,1,0
BRDA:164,9,0,1
BRDA:164,9,1,1
BRDA:182,10,0,1
BRDA:182,10,1,0
BRDA:183,11,0,1
BRDA:183,11,1,0
BRDA:208,12,0,0
BRDA:208,12,1,0
BRDA:214,13,0,0
BRDA:214,13,1,0
BRDA:218,14,0,0
BRDA:218,14,1,0
BRDA:218,15,0,0
BRDA:218,15,1,0
BRDA:240,16,0,0
BRDA:240,16,1,0
BRDA:240,17,0,0
BRDA:240,17,1,0
BRDA:246,18,0,0
BRDA:246,18,1,0
BRDA:246,19,0,0
BRDA:246,19,1,0
BRDA:252,20,0,0
BRDA:252,20,1,0
BRDA:252,21,0,0
BRDA:252,21,1,0
BRF:44
BRH:18
end_of_record
TN:
SF:src\controllers\consultation.controller.js
FN:4,createConsultation
FN:34,listMyConsultations
FN:41,(anonymous_2)
FN:62,listAllConsultations
FN:80,listLawyerConsultations
FN:96,assignLawyer
FN:122,updateStatus
FN:154,submitResult
FN:200,uploadResultFile
FNF:9
FNH:8
FNDA:3,createConsultation
FNDA:1,listMyConsultations
FNDA:2,(anonymous_2)
FNDA:1,listAllConsultations
FNDA:1,listLawyerConsultations
FNDA:2,assignLawyer
FNDA:3,updateStatus
FNDA:2,submitResult
FNDA:0,uploadResultFile
DA:1,1
DA:2,1
DA:5,3
DA:6,3
DA:8,3
DA:10,3
DA:11,1
DA:14,2
DA:15,1
DA:18,1
DA:28,1
DA:30,0
DA:35,1
DA:36,1
DA:41,2
DA:43,1
DA:56,1
DA:58,0
DA:63,1
DA:64,1
DA:74,1
DA:76,0
DA:81,1
DA:82,1
DA:90,1
DA:92,0
DA:97,2
DA:98,2
DA:99,2
DA:101,2
DA:102,1
DA:105,1
DA:116,1
DA:118,0
DA:123,3
DA:124,3
DA:125,3
DA:127,3
DA:129,3
DA:130,1
DA:133,2
DA:134,1
DA:137,1
DA:148,1
DA:150,0
DA:155,2
DA:156,2
DA:157,2
DA:159,2
DA:160,0
DA:163,2
DA:165,2
DA:166,0
DA:169,2
DA:170,1
DA:173,1
DA:175,1
DA:176,1
DA:179,1
DA:180,1
DA:183,1
DA:194,1
DA:196,0
DA:201,0
DA:202,0
DA:204,0
DA:205,0
DA:208,0
DA:209,0
DA:212,0
DA:216,0
DA:217,0
DA:220,0
DA:221,0
DA:224,0
DA:235,0
DA:246,0
DA:251,0
DA:255,1
LF:79
LH:55
BRDA:10,0,0,1
BRDA:10,0,1,2
BRDA:14,1,0,1
BRDA:14,1,1,1
BRDA:14,2,0,2
BRDA:14,2,1,2
BRDA:101,3,0,1
BRDA:101,3,1,1
BRDA:129,4,0,1
BRDA:129,4,1,2
BRDA:133,5,0,1
BRDA:133,5,1,1
BRDA:133,6,0,2
BRDA:133,6,1,2
BRDA:159,7,0,0
BRDA:159,7,1,2
BRDA:165,8,0,0
BRDA:165,8,1,2
BRDA:169,9,0,1
BRDA:169,9,1,1
BRDA:169,10,0,2
BRDA:169,10,1,2
BRDA:175,11,0,1
BRDA:175,11,1,0
BRDA:179,12,0,1
BRDA:179,12,1,0
BRDA:204,13,0,0
BRDA:204,13,1,0
BRDA:208,14,0,0
BRDA:208,14,1,0
BRDA:216,15,0,0
BRDA:216,15,1,0
BRDA:220,16,0,0
BRDA:220,16,1,0
BRDA:220,17,0,0
BRDA:220,17,1,0
BRF:36
BRH:22
end_of_record
TN:
SF:src\controllers\file.controller.js
FN:6,uploadFile
FN:32,getBusinessFiles
FN:51,downloadFile
FN:78,deleteFile
FNF:4
FNH:4
FNDA:3,uploadFile
FNDA:2,getBusinessFiles
FNDA:4,downloadFile
FNDA:4,deleteFile
DA:1,1
DA:2,1
DA:3,1
DA:4,1
DA:7,3
DA:8,3
DA:9,1
DA:12,2
DA:14,2
DA:15,1
DA:18,1
DA:26,1
DA:28,0
DA:33,2
DA:34,2
DA:36,2
DA:37,1
DA:40,1
DA:45,1
DA:47,0
DA:52,4
DA:53,4
DA:55,4
DA:56,1
DA:59,3
DA:61,3
DA:62,1
DA:65,2
DA:66,2
DA:68,2
DA:69,1
DA:72,1
DA:74,0
DA:79,4
DA:80,4
DA:82,4
DA:83,1
DA:86,3
DA:88,3
DA:89,1
DA:92,2
DA:93,2
DA:95,2
DA:96,1
DA:99,2
DA:101,2
DA:103,0
DA:107,1
LF:48
LH:44
BRDA:8,0,0,1
BRDA:8,0,1,2
BRDA:12,1,0,2
BRDA:12,1,1,0
BRDA:14,2,0,1
BRDA:14,2,1,1
BRDA:36,3,0,1
BRDA:36,3,1,1
BRDA:55,4,0,1
BRDA:55,4,1,3
BRDA:61,5,0,1
BRDA:61,5,1,2
BRDA:65,6,0,2
BRDA:65,6,1,2
BRDA:68,7,0,1
BRDA:68,7,1,1
BRDA:82,8,0,1
BRDA:82,8,1,3
BRDA:88,9,0,1
BRDA:88,9,1,2
BRDA:92,10,0,2
BRDA:92,10,1,2
BRDA:95,11,0,1
BRDA:95,11,1,1
BRF:24
BRH:23
end_of_record
TN:
SF:src\middleware\auth.js
FN:4,authenticate
FN:28,authorizeRole
FN:29,(anonymous_2)
FN:37,(anonymous_3)
FNF:4
FNH:0
FNDA:0,authenticate
FNDA:0,authorizeRole
FNDA:0,(anonymous_2)
FNDA:0,(anonymous_3)
DA:1,0
DA:2,0
DA:5,0
DA:7,0
DA:8,0
DA:11,0
DA:13,0
DA:14,0
DA:15,0
DA:16,0
DA:18,0
DA:19,0
DA:21,0
DA:22,0
DA:24,0
DA:29,0
DA:30,0
DA:31,0
DA:34,0
DA:36,0
DA:37,0
DA:39,0
DA:40,0
DA:43,0
DA:47,0
LF:25
LH:0
BRDA:5,0,0,0
BRDA:5,0,1,0
BRDA:7,1,0,0
BRDA:7,1,1,0
BRDA:18,2,0,0
BRDA:18,2,1,0
BRDA:21,3,0,0
BRDA:21,3,1,0
BRDA:30,4,0,0
BRDA:30,4,1,0
BRDA:34,5,0,0
BRDA:34,5,1,0
BRDA:39,6,0,0
BRDA:39,6,1,0
BRF:14
BRH:0
end_of_record
TN:
SF:src\middleware\errorHandler.js
FN:4,errorHandler
FN:54,handlePrismaError
FN:100,handleMulterError
FN:119,getErrorCode
FNF:4
FNH:0
FNDA:0,errorHandler
FNDA:0,handlePrismaError
FNDA:0,handleMulterError
FNDA:0,getErrorCode
DA:1,0
DA:2,0
DA:5,0
DA:6,0
DA:15,0
DA:16,0
DA:19,0
DA:20,0
DA:23,0
DA:24,0
DA:27,0
DA:28,0
DA:29,0
DA:30,0
DA:33,0
DA:34,0
DA:37,0
DA:38,0
DA:41,0
DA:42,0
DA:45,0
DA:46,0
DA:49,0
DA:55,0
DA:91,0
DA:97,0
DA:101,0
DA:111,0
DA:116,0
DA:120,0
DA:130,0
DA:133,0
LF:32
LH:0
BRDA:5,0,0,0
BRDA:5,0,1,0
BRDA:15,1,0,0
BRDA:15,1,1,0
BRDA:19,2,0,0
BRDA:19,2,1,0
BRDA:19,3,0,0
BRDA:19,3,1,0
BRDA:23,4,0,0
BRDA:23,4,1,0
BRDA:27,5,0,0
BRDA:27,5,1,0
BRDA:27,6,0,0
BRDA:27,6,1,0
BRDA:28,7,0,0
BRDA:28,7,1,0
BRDA:29,8,0,0
BRDA:29,8,1,0
BRDA:30,9,0,0
BRDA:30,9,1,0
BRDA:33,10,0,0
BRDA:33,10,1,0
BRDA:33,11,0,0
BRDA:33,11,1,0
BRDA:37,12,0,0
BRDA:37,12,1,0
BRDA:41,13,0,0
BRDA:41,13,1,0
BRDA:45,14,0,0
BRDA:45,14,1,0
BRDA:45,15,0,0
BRDA:45,15,1,0
BRDA:50,16,0,0
BRDA:50,16,1,0
BRDA:91,17,0,0
BRDA:91,17,1,0
BRDA:111,18,0,0
BRDA:111,18,1,0
BRDA:130,19,0,0
BRDA:130,19,1,0
BRF:40
BRH:0
end_of_record
TN:
SF:src\middleware\sanitize.js
FN:3,sanitizeInput
FN:9,(anonymous_1)
FN:32,sanitizeMiddleware
FNF:3
FNH:0
FNDA:0,sanitizeInput
FNDA:0,(anonymous_1)
FNDA:0,sanitizeMiddleware
DA:1,0
DA:4,0
DA:5,0
DA:8,0
DA:9,0
DA:12,0
DA:13,0
DA:14,0
DA:15,0
DA:16,0
DA:17,0
DA:22,0
DA:23,0
DA:25,0
DA:29,0
DA:33,0
DA:34,0
DA:36,0
DA:37,0
DA:39,0
DA:40,0
DA:42,0
DA:45,0
LF:23
LH:0
BRDA:4,0,0,0
BRDA:4,0,1,0
BRDA:4,1,0,0
BRDA:4,1,1,0
BRDA:8,2,0,0
BRDA:8,2,1,0
BRDA:14,3,0,0
BRDA:14,3,1,0
BRDA:16,4,0,0
BRDA:16,4,1,0
BRDA:22,5,0,0
BRDA:22,5,1,0
BRDA:22,6,0,0
BRDA:22,6,1,0
BRDA:33,7,0,0
BRDA:33,7,1,0
BRDA:33,8,0,0
BRDA:33,8,1,0
BRDA:36,9,0,0
BRDA:36,9,1,0
BRDA:36,10,0,0
BRDA:36,10,1,0
BRDA:39,11,0,0
BRDA:39,11,1,0
BRDA:39,12,0,0
BRDA:39,12,1,0
BRF:26
BRH:0
end_of_record
TN:
SF:src\middleware\upload.js
FN:9,(anonymous_0)
FN:12,(anonymous_1)
FNF:2
FNH:0
FNDA:0,(anonymous_0)
FNDA:0,(anonymous_1)
DA:5,0
DA:6,0
DA:8,0
DA:10,0
DA:13,0
DA:14,0
DA:18,0
LF:7
LH:0
BRDA:6,0,0,0
BRDA:6,0,1,0
BRF:2
BRH:0
end_of_record
TN:
SF:src\middleware\validate.js
FN:4,validate
FN:5,(anonymous_1)
FNF:2
FNH:0
FNDA:0,validate
FNDA:0,(anonymous_1)
DA:1,0
DA:2,0
DA:5,0
DA:6,0
DA:7,0
DA:8,0
DA:9,0
DA:11,0
DA:12,0
DA:15,0
DA:20,0
LF:11
LH:0
BRDA:11,0,0,0
BRDA:11,0,1,0
BRF:2
BRH:0
end_of_record
TN:
SF:src\routes\admin.route.js
FNF:0
FNH:0
DA:1,0
DA:2,0
DA:3,0
DA:4,0
DA:6,0
DA:13,0
LF:6
LH:0
BRF:0
BRH:0
end_of_record
TN:
SF:src\routes\auth.route.js
FNF:0
FNH:0
DA:1,0
DA:2,0
DA:4,0
DA:5,0
DA:6,0
DA:9,0
DA:12,0
DA:14,0
LF:8
LH:0
BRF:0
BRH:0
end_of_record
TN:
SF:src\routes\business.route.js
FNF:0
FNH:0
DA:1,0
DA:2,0
DA:4,0
DA:5,0
DA:6,0
DA:11,0
DA:12,0
DA:15,0
DA:23,0
DA:31,0
DA:40,0
DA:48,0
DA:57,0
DA:65,0
DA:74,0
DA:83,0
DA:90,0
LF:17
LH:0
BRF:0
BRH:0
end_of_record
TN:
SF:src\routes\consultation.route.js
FNF:0
FNH:0
DA:1,0
DA:2,0
DA:4,0
DA:5,0
DA:6,0
DA:12,0
DA:13,0
DA:15,0
DA:23,0
DA:30,0
DA:37,0
DA:45,0
DA:53,0
DA:60,0
DA:68,0
DA:76,0
LF:16
LH:0
BRF:0
BRH:0
end_of_record
TN:
SF:src\routes\file.route.js
FNF:0
FNH:0
DA:1,0
DA:2,0
DA:4,0
DA:5,0
DA:6,0
DA:9,0
DA:18,0
DA:26,0
DA:33,0
DA:40,0
LF:10
LH:0
BRF:0
BRH:0
end_of_record
TN:
SF:src\routes\route.js
FNF:0
FNH:0
DA:1,0
DA:2,0
DA:4,0
DA:5,0
DA:6,0
DA:7,0
DA:8,0
DA:10,0
DA:11,0
DA:12,0
DA:13,0
DA:14,0
DA:16,0
LF:13
LH:0
BRF:0
BRH:0
end_of_record
TN:
SF:src\services\storage.js
FN:8,(anonymous_0)
FN:11,(anonymous_1)
FN:22,(anonymous_2)
FNF:3
FNH:0
FNDA:0,(anonymous_0)
FNDA:0,(anonymous_1)
FNDA:0,(anonymous_2)
DA:1,0
DA:2,0
DA:3,0
DA:4,0
DA:5,0
DA:7,0
DA:9,0
DA:12,0
DA:13,0
DA:17,0
DA:19,0
DA:23,0
DA:24,0
DA:25,0
DA:29,0
LF:15
LH:0
BRDA:4,0,0,0
BRDA:4,0,1,0
BRDA:5,1,0,0
BRDA:5,1,1,0
BRDA:17,2,0,0
BRDA:17,2,1,0
BRDA:24,3,0,0
BRDA:24,3,1,0
BRF:8
BRH:0
end_of_record
TN:
SF:src\utils\errors.js
FN:2,(anonymous_0)
FN:12,(anonymous_1)
FN:19,(anonymous_2)
FN:25,(anonymous_3)
FN:31,(anonymous_4)
FN:37,(anonymous_5)
FN:42,(anonymous_6)
FN:43,(anonymous_7)
FNF:8
FNH:0
FNDA:0,(anonymous_0)
FNDA:0,(anonymous_1)
FNDA:0,(anonymous_2)
FNDA:0,(anonymous_3)
FNDA:0,(anonymous_4)
FNDA:0,(anonymous_5)
FNDA:0,(anonymous_6)
FNDA:0,(anonymous_7)
DA:3,0
DA:4,0
DA:5,0
DA:6,0
DA:7,0
DA:13,0
DA:14,0
DA:20,0
DA:26,0
DA:32,0
DA:38,0
DA:42,0
DA:43,0
DA:44,0
DA:48,0
LF:15
LH:0
BRDA:2,0,0,0
BRDA:2,1,0,0
BRDA:12,2,0,0
BRDA:12,3,0,0
BRDA:19,4,0,0
BRDA:25,5,0,0
BRDA:31,6,0,0
BRDA:37,7,0,0
BRF:8
BRH:0
end_of_record
TN:
SF:src\utils\prismaClient.js
FNF:0
FNH:0
DA:1,0
DA:3,0
DA:5,0
LF:3
LH:0
BRF:0
BRH:0
end_of_record
TN:
SF:src\utils\response.js
FN:1,(anonymous_0)
FN:14,(anonymous_1)
FN:31,(anonymous_2)
FNF:3
FNH:0
FNDA:0,(anonymous_0)
FNDA:0,(anonymous_1)
FNDA:0,(anonymous_2)
DA:1,5
DA:2,0
DA:7,0
DA:8,0
DA:11,0
DA:14,5
DA:15,0
DA:20,0
DA:21,0
DA:24,0
DA:25,0
DA:28,0
DA:31,5
DA:32,0
DA:40,5
LF:15
LH:4
BRDA:1,0,0,0
BRDA:1,1,0,0
BRDA:4,2,0,0
BRDA:4,2,1,0
BRDA:7,3,0,0
BRDA:7,3,1,0
BRDA:14,4,0,0
BRDA:14,5,0,0
BRDA:14,6,0,0
BRDA:17,7,0,0
BRDA:17,7,1,0
BRDA:20,8,0,0
BRDA:20,8,1,0
BRDA:24,9,0,0
BRDA:24,9,1,0
BRDA:24,10,0,0
BRDA:24,10,1,0
BRF:17
BRH:0
end_of_record
TN:
SF:src\validation\schema.js
FN:53,(anonymous_0)
FN:100,(anonymous_1)
FNF:2
FNH:0
FNDA:0,(anonymous_0)
FNDA:0,(anonymous_1)
DA:1,0
DA:7,0
DA:14,0
DA:23,0
DA:33,0
DA:35,0
DA:53,0
DA:61,0
DA:72,0
DA:82,0
DA:89,0
DA:100,0
DA:104,0
LF:13
LH:0
BRDA:53,0,0,0
BRDA:53,0,1,0
BRDA:100,1,0,0
BRDA:100,1,1,0
BRF:4
BRH:0
end_of_record
